Array
(
    [0] => Array
        (
            [shop] => ベストエクセル
            [url] => https://store.shopping.yahoo.co.jp/bestexcel/1908413.html
            [price] => 1100
            [janCode] => 4967576450331
        )

    [1] => Array
        (
            [shop] => ベストエクセル
            [url] => https://store.shopping.yahoo.co.jp/bestexcel/274018.html
            [price] => 19800
            [janCode] => 4967576423861
        )

    [2] => Array
        (
            [shop] => ベストエクセル
            [url] => https://store.shopping.yahoo.co.jp/bestexcel/574849.html
            [price] => 16800
            [janCode] => 4967576555241
        )

    [3] => Array
        (
            [shop] => ベストエクセル
            [url] => https://store.shopping.yahoo.co.jp/bestexcel/517254.html
            [price] => 32800
            [janCode] => 4967576501033
        )

    [4] => Array
        (
            [shop] => ベストエクセル
            [url] => https://store.shopping.yahoo.co.jp/bestexcel/p1909757.html
            [price] => 2680
        )

    [5] => Array
        (
            [shop] => ベストエクセル
            [url] => https://store.shopping.yahoo.co.jp/bestexcel/p517344.html
            [price] => 64222
        )

    [6] => Array
        (
            [shop] => ベストエクセル
            [url] => https://store.shopping.yahoo.co.jp/bestexcel/573718.html
            [price] => 8280
            [janCode] => 4967576452564
        )

    [7] => Array
        (
            [shop] => ベストエクセル
            [url] => https://store.shopping.yahoo.co.jp/bestexcel/285278.html
            [price] => 3980
            [janCode] => 4967576493758
        )

    [8] => Array
        (
            [shop] => ベストエクセル
            [url] => https://store.shopping.yahoo.co.jp/bestexcel/i561058.html
            [price] => 14800
            [janCode] => 4967576186087
        )

    [9] => Array
        (
            [shop] => ベストエクセル
            [url] => https://store.shopping.yahoo.co.jp/bestexcel/562091.html
            [price] => 3450
            [janCode] => 4967576250252
        )

    [10] => Array
        (
            [shop] => ベストエクセル
            [url] => https://store.shopping.yahoo.co.jp/bestexcel/538563.html
            [price] => 49270
            [janCode] => 4967576550727
        )

    [11] => Array
        (
            [shop] => ベストエクセル
            [url] => https://store.shopping.yahoo.co.jp/bestexcel/572489.html
            [price] => 24800
        )

    [12] => Array
        (
            [shop] => ベストエクセル
            [url] => https://store.shopping.yahoo.co.jp/bestexcel/7145950.html
            [price] => 14280
            [janCode] => 4974305218773
        )

    [13] => Array
        (
            [shop] => ベストエクセル
            [url] => https://store.shopping.yahoo.co.jp/bestexcel/572638.html
            [price] => 35272
            [janCode] => 4967576394383
        )

    [14] => Array
        (
            [shop] => ベストエクセル
            [url] => https://store.shopping.yahoo.co.jp/bestexcel/517273.html
            [price] => 12950
            [janCode] => 4967576501255
        )

    [15] => Array
        (
            [shop] => ベストエクセル
            [url] => https://store.shopping.yahoo.co.jp/bestexcel/567839.html
            [price] => 7330
            [janCode] => 4967576419383
        )

    [16] => Array
        (
            [shop] => ベストエクセル
            [url] => https://store.shopping.yahoo.co.jp/bestexcel/p513864.html
            [price] => 30099
            [janCode] => 4967576441513
        )

    [17] => Array
        (
            [shop] => ベストエクセル
            [url] => https://store.shopping.yahoo.co.jp/bestexcel/7152123.html
            [price] => 34400
            [janCode] => 4992536441210
        )

    [18] => Array
        (
            [shop] => ベストエクセル
            [url] => https://store.shopping.yahoo.co.jp/bestexcel/p1909734.html
            [price] => 1780
        )

    [19] => Array
        (
            [shop] => ベストエクセル
            [url] => https://store.shopping.yahoo.co.jp/bestexcel/1901946.html
            [price] => 56800
            [janCode] => 4967576531597
        )

)
Array
(
    [0] => Array
        (
            [shop] => ベストエクセル
            [url] => https://store.shopping.yahoo.co.jp/bestexcel/1908413.html
            [price] => 1100
            [janCode] => 4967576450331
        )

    [1] => Array
        (
            [shop] => ベストエクセル
            [url] => https://store.shopping.yahoo.co.jp/bestexcel/274018.html
            [price] => 19800
            [janCode] => 4967576423861
        )

    [2] => Array
        (
            [shop] => ベストエクセル
            [url] => https://store.shopping.yahoo.co.jp/bestexcel/574849.html
            [price] => 16800
            [janCode] => 4967576555241
        )

    [3] => Array
        (
            [shop] => ベストエクセル
            [url] => https://store.shopping.yahoo.co.jp/bestexcel/517254.html
            [price] => 32800
            [janCode] => 4967576501033
        )

    [4] => Array
        (
            [shop] => ベストエクセル
            [url] => https://store.shopping.yahoo.co.jp/bestexcel/p1909757.html
            [price] => 2680
        )

    [5] => Array
        (
            [shop] => ベストエクセル
            [url] => https://store.shopping.yahoo.co.jp/bestexcel/p517344.html
            [price] => 64222
        )

    [6] => Array
        (
            [shop] => ベストエクセル
            [url] => https://store.shopping.yahoo.co.jp/bestexcel/573718.html
            [price] => 8280
            [janCode] => 4967576452564
        )

    [7] => Array
        (
            [shop] => ベストエクセル
            [url] => https://store.shopping.yahoo.co.jp/bestexcel/285278.html
            [price] => 3980
            [janCode] => 4967576493758
        )

    [8] => Array
        (
            [shop] => ベストエクセル
            [url] => https://store.shopping.yahoo.co.jp/bestexcel/i561058.html
            [price] => 14800
            [janCode] => 4967576186087
        )

    [9] => Array
        (
            [shop] => ベストエクセル
            [url] => https://store.shopping.yahoo.co.jp/bestexcel/562091.html
            [price] => 3450
            [janCode] => 4967576250252
        )

    [10] => Array
        (
            [shop] => ベストエクセル
            [url] => https://store.shopping.yahoo.co.jp/bestexcel/538563.html
            [price] => 49270
            [janCode] => 4967576550727
        )

    [11] => Array
        (
            [shop] => ベストエクセル
            [url] => https://store.shopping.yahoo.co.jp/bestexcel/572489.html
            [price] => 24800
        )

    [12] => Array
        (
            [shop] => ベストエクセル
            [url] => https://store.shopping.yahoo.co.jp/bestexcel/7145950.html
            [price] => 14280
            [janCode] => 4974305218773
        )

    [13] => Array
        (
            [shop] => ベストエクセル
            [url] => https://store.shopping.yahoo.co.jp/bestexcel/572638.html
            [price] => 35272
            [janCode] => 4967576394383
        )

    [14] => Array
        (
            [shop] => ベストエクセル
            [url] => https://store.shopping.yahoo.co.jp/bestexcel/517273.html
            [price] => 12950
            [janCode] => 4967576501255
        )

    [15] => Array
        (
            [shop] => ベストエクセル
            [url] => https://store.shopping.yahoo.co.jp/bestexcel/567839.html
            [price] => 7330
            [janCode] => 4967576419383
        )

    [16] => Array
        (
            [shop] => ベストエクセル
            [url] => https://store.shopping.yahoo.co.jp/bestexcel/p513864.html
            [price] => 30099
            [janCode] => 4967576441513
        )

    [17] => Array
        (
            [shop] => ベストエクセル
            [url] => https://store.shopping.yahoo.co.jp/bestexcel/7152123.html
            [price] => 34400
            [janCode] => 4992536441210
        )

    [18] => Array
        (
            [shop] => ベストエクセル
            [url] => https://store.shopping.yahoo.co.jp/bestexcel/p1909734.html
            [price] => 1780
        )

    [19] => Array
        (
            [shop] => ベストエクセル
            [url] => https://store.shopping.yahoo.co.jp/bestexcel/1901946.html
            [price] => 56800
            [janCode] => 4967576531597
        )

)
Array
(
    [0] => Array
        (
            [shop] => ベストエクセル
            [url] => https://store.shopping.yahoo.co.jp/bestexcel/1908413.html
            [price] => 1100
            [janCode] => 4967576450331
        )

    [1] => Array
        (
            [shop] => ベストエクセル
            [url] => https://store.shopping.yahoo.co.jp/bestexcel/274018.html
            [price] => 19800
        )

    [2] => Array
        (
            [shop] => ベストエクセル
            [url] => https://store.shopping.yahoo.co.jp/bestexcel/574849.html
            [price] => 16800
        )

    [3] => Array
        (
            [shop] => ベストエクセル
            [url] => https://store.shopping.yahoo.co.jp/bestexcel/517254.html
            [price] => 32800
        )

    [4] => Array
        (
            [shop] => ベストエクセル
            [url] => https://store.shopping.yahoo.co.jp/bestexcel/p1909757.html
            [price] => 2680
        )

    [5] => Array
        (
            [shop] => ベストエクセル
            [url] => https://store.shopping.yahoo.co.jp/bestexcel/p517344.html
            [price] => 64222
        )

    [6] => Array
        (
            [shop] => ベストエクセル
            [url] => https://store.shopping.yahoo.co.jp/bestexcel/573718.html
            [price] => 8280
        )

    [7] => Array
        (
            [shop] => ベストエクセル
            [url] => https://store.shopping.yahoo.co.jp/bestexcel/285278.html
            [price] => 3980
        )

    [8] => Array
        (
            [shop] => ベストエクセル
            [url] => https://store.shopping.yahoo.co.jp/bestexcel/i561058.html
            [price] => 14800
        )

    [9] => Array
        (
            [shop] => ベストエクセル
            [url] => https://store.shopping.yahoo.co.jp/bestexcel/562091.html
            [price] => 3450
        )

    [10] => Array
        (
            [shop] => ベストエクセル
            [url] => https://store.shopping.yahoo.co.jp/bestexcel/538563.html
            [price] => 49270
        )

    [11] => Array
        (
            [shop] => ベストエクセル
            [url] => https://store.shopping.yahoo.co.jp/bestexcel/572489.html
            [price] => 24800
        )

    [12] => Array
        (
            [shop] => ベストエクセル
            [url] => https://store.shopping.yahoo.co.jp/bestexcel/7145950.html
            [price] => 14280
        )

    [13] => Array
        (
            [shop] => ベストエクセル
            [url] => https://store.shopping.yahoo.co.jp/bestexcel/572638.html
            [price] => 35272
        )

    [14] => Array
        (
            [shop] => ベストエクセル
            [url] => https://store.shopping.yahoo.co.jp/bestexcel/517273.html
            [price] => 12950
        )

    [15] => Array
        (
            [shop] => ベストエクセル
            [url] => https://store.shopping.yahoo.co.jp/bestexcel/567839.html
            [price] => 7330
        )

    [16] => Array
        (
            [shop] => ベストエクセル
            [url] => https://store.shopping.yahoo.co.jp/bestexcel/p513864.html
            [price] => 30099
        )

    [17] => Array
        (
            [shop] => ベストエクセル
            [url] => https://store.shopping.yahoo.co.jp/bestexcel/7152123.html
            [price] => 34400
        )

    [18] => Array
        (
            [shop] => ベストエクセル
            [url] => https://store.shopping.yahoo.co.jp/bestexcel/p1909734.html
            [price] => 1780
        )

    [19] => Array
        (
            [shop] => ベストエクセル
            [url] => https://store.shopping.yahoo.co.jp/bestexcel/1901946.html
            [price] => 56800
        )

)
Array
(
    [0] => Array
        (
            [shop] => ベストエクセル
            [url] => https://store.shopping.yahoo.co.jp/bestexcel/1908413.html
            [price] => 1100
            [janCode] => 4967576450331
        )

    [1] => Array
        (
            [shop] => ベストエクセル
            [url] => https://store.shopping.yahoo.co.jp/bestexcel/274018.html
            [price] => 19800
            [janCode] => 4967576423861
        )

    [2] => Array
        (
            [shop] => ベストエクセル
            [url] => https://store.shopping.yahoo.co.jp/bestexcel/574849.html
            [price] => 16800
        )

    [3] => Array
        (
            [shop] => ベストエクセル
            [url] => https://store.shopping.yahoo.co.jp/bestexcel/517254.html
            [price] => 32800
        )

    [4] => Array
        (
            [shop] => ベストエクセル
            [url] => https://store.shopping.yahoo.co.jp/bestexcel/p1909757.html
            [price] => 2680
        )

    [5] => Array
        (
            [shop] => ベストエクセル
            [url] => https://store.shopping.yahoo.co.jp/bestexcel/p517344.html
            [price] => 64222
        )

    [6] => Array
        (
            [shop] => ベストエクセル
            [url] => https://store.shopping.yahoo.co.jp/bestexcel/573718.html
            [price] => 8280
        )

    [7] => Array
        (
            [shop] => ベストエクセル
            [url] => https://store.shopping.yahoo.co.jp/bestexcel/285278.html
            [price] => 3980
        )

    [8] => Array
        (
            [shop] => ベストエクセル
            [url] => https://store.shopping.yahoo.co.jp/bestexcel/i561058.html
            [price] => 14800
        )

    [9] => Array
        (
            [shop] => ベストエクセル
            [url] => https://store.shopping.yahoo.co.jp/bestexcel/562091.html
            [price] => 3450
        )

    [10] => Array
        (
            [shop] => ベストエクセル
            [url] => https://store.shopping.yahoo.co.jp/bestexcel/538563.html
            [price] => 49270
        )

    [11] => Array
        (
            [shop] => ベストエクセル
            [url] => https://store.shopping.yahoo.co.jp/bestexcel/572489.html
            [price] => 24800
        )

    [12] => Array
        (
            [shop] => ベストエクセル
            [url] => https://store.shopping.yahoo.co.jp/bestexcel/7145950.html
            [price] => 14280
        )

    [13] => Array
        (
            [shop] => ベストエクセル
            [url] => https://store.shopping.yahoo.co.jp/bestexcel/572638.html
            [price] => 35272
        )

    [14] => Array
        (
            [shop] => ベストエクセル
            [url] => https://store.shopping.yahoo.co.jp/bestexcel/517273.html
            [price] => 12950
        )

    [15] => Array
        (
            [shop] => ベストエクセル
            [url] => https://store.shopping.yahoo.co.jp/bestexcel/567839.html
            [price] => 7330
        )

    [16] => Array
        (
            [shop] => ベストエクセル
            [url] => https://store.shopping.yahoo.co.jp/bestexcel/p513864.html
            [price] => 30099
        )

    [17] => Array
        (
            [shop] => ベストエクセル
            [url] => https://store.shopping.yahoo.co.jp/bestexcel/7152123.html
            [price] => 34400
        )

    [18] => Array
        (
            [shop] => ベストエクセル
            [url] => https://store.shopping.yahoo.co.jp/bestexcel/p1909734.html
            [price] => 1780
        )

    [19] => Array
        (
            [shop] => ベストエクセル
            [url] => https://store.shopping.yahoo.co.jp/bestexcel/1901946.html
            [price] => 56800
        )

)
Array
(
    [0] => Array
        (
            [shop] => ベストエクセル
            [url] => https://store.shopping.yahoo.co.jp/bestexcel/1908413.html
            [price] => 1100
            [janCode] => 4967576450331
        )

    [1] => Array
        (
            [shop] => ベストエクセル
            [url] => https://store.shopping.yahoo.co.jp/bestexcel/274018.html
            [price] => 19800
            [janCode] => 4967576423861
        )

    [2] => Array
        (
            [shop] => ベストエクセル
            [url] => https://store.shopping.yahoo.co.jp/bestexcel/574849.html
            [price] => 16800
            [janCode] => 4967576555241
        )

    [3] => Array
        (
            [shop] => ベストエクセル
            [url] => https://store.shopping.yahoo.co.jp/bestexcel/517254.html
            [price] => 32800
        )

    [4] => Array
        (
            [shop] => ベストエクセル
            [url] => https://store.shopping.yahoo.co.jp/bestexcel/p1909757.html
            [price] => 2680
        )

    [5] => Array
        (
            [shop] => ベストエクセル
            [url] => https://store.shopping.yahoo.co.jp/bestexcel/p517344.html
            [price] => 64222
        )

    [6] => Array
        (
            [shop] => ベストエクセル
            [url] => https://store.shopping.yahoo.co.jp/bestexcel/573718.html
            [price] => 8280
        )

    [7] => Array
        (
            [shop] => ベストエクセル
            [url] => https://store.shopping.yahoo.co.jp/bestexcel/285278.html
            [price] => 3980
        )

    [8] => Array
        (
            [shop] => ベストエクセル
            [url] => https://store.shopping.yahoo.co.jp/bestexcel/i561058.html
            [price] => 14800
        )

    [9] => Array
        (
            [shop] => ベストエクセル
            [url] => https://store.shopping.yahoo.co.jp/bestexcel/562091.html
            [price] => 3450
        )

    [10] => Array
        (
            [shop] => ベストエクセル
            [url] => https://store.shopping.yahoo.co.jp/bestexcel/538563.html
            [price] => 49270
        )

    [11] => Array
        (
            [shop] => ベストエクセル
            [url] => https://store.shopping.yahoo.co.jp/bestexcel/572489.html
            [price] => 24800
        )

    [12] => Array
        (
            [shop] => ベストエクセル
            [url] => https://store.shopping.yahoo.co.jp/bestexcel/7145950.html
            [price] => 14280
        )

    [13] => Array
        (
            [shop] => ベストエクセル
            [url] => https://store.shopping.yahoo.co.jp/bestexcel/572638.html
            [price] => 35272
        )

    [14] => Array
        (
            [shop] => ベストエクセル
            [url] => https://store.shopping.yahoo.co.jp/bestexcel/517273.html
            [price] => 12950
        )

    [15] => Array
        (
            [shop] => ベストエクセル
            [url] => https://store.shopping.yahoo.co.jp/bestexcel/567839.html
            [price] => 7330
        )

    [16] => Array
        (
            [shop] => ベストエクセル
            [url] => https://store.shopping.yahoo.co.jp/bestexcel/p513864.html
            [price] => 30099
        )

    [17] => Array
        (
            [shop] => ベストエクセル
            [url] => https://store.shopping.yahoo.co.jp/bestexcel/7152123.html
            [price] => 34400
        )

    [18] => Array
        (
            [shop] => ベストエクセル
            [url] => https://store.shopping.yahoo.co.jp/bestexcel/p1909734.html
            [price] => 1780
        )

    [19] => Array
        (
            [shop] => ベストエクセル
            [url] => https://store.shopping.yahoo.co.jp/bestexcel/1901946.html
            [price] => 56800
        )

)
Array
(
    [0] => Array
        (
            [shop] => ベストエクセル
            [url] => https://store.shopping.yahoo.co.jp/bestexcel/1908413.html
            [price] => 1100
            [janCode] => 4967576450331
        )

    [1] => Array
        (
            [shop] => ベストエクセル
            [url] => https://store.shopping.yahoo.co.jp/bestexcel/274018.html
            [price] => 19800
            [janCode] => 4967576423861
        )

    [2] => Array
        (
            [shop] => ベストエクセル
            [url] => https://store.shopping.yahoo.co.jp/bestexcel/574849.html
            [price] => 16800
            [janCode] => 4967576555241
        )

    [3] => Array
        (
            [shop] => ベストエクセル
            [url] => https://store.shopping.yahoo.co.jp/bestexcel/517254.html
            [price] => 32800
            [janCode] => 4967576501033
        )

    [4] => Array
        (
            [shop] => ベストエクセル
            [url] => https://store.shopping.yahoo.co.jp/bestexcel/p1909757.html
            [price] => 2680
        )

    [5] => Array
        (
            [shop] => ベストエクセル
            [url] => https://store.shopping.yahoo.co.jp/bestexcel/p517344.html
            [price] => 64222
        )

    [6] => Array
        (
            [shop] => ベストエクセル
            [url] => https://store.shopping.yahoo.co.jp/bestexcel/573718.html
            [price] => 8280
        )

    [7] => Array
        (
            [shop] => ベストエクセル
            [url] => https://store.shopping.yahoo.co.jp/bestexcel/285278.html
            [price] => 3980
        )

    [8] => Array
        (
            [shop] => ベストエクセル
            [url] => https://store.shopping.yahoo.co.jp/bestexcel/i561058.html
            [price] => 14800
        )

    [9] => Array
        (
            [shop] => ベストエクセル
            [url] => https://store.shopping.yahoo.co.jp/bestexcel/562091.html
            [price] => 3450
        )

    [10] => Array
        (
            [shop] => ベストエクセル
            [url] => https://store.shopping.yahoo.co.jp/bestexcel/538563.html
            [price] => 49270
        )

    [11] => Array
        (
            [shop] => ベストエクセル
            [url] => https://store.shopping.yahoo.co.jp/bestexcel/572489.html
            [price] => 24800
        )

    [12] => Array
        (
            [shop] => ベストエクセル
            [url] => https://store.shopping.yahoo.co.jp/bestexcel/7145950.html
            [price] => 14280
        )

    [13] => Array
        (
            [shop] => ベストエクセル
            [url] => https://store.shopping.yahoo.co.jp/bestexcel/572638.html
            [price] => 35272
        )

    [14] => Array
        (
            [shop] => ベストエクセル
            [url] => https://store.shopping.yahoo.co.jp/bestexcel/517273.html
            [price] => 12950
        )

    [15] => Array
        (
            [shop] => ベストエクセル
            [url] => https://store.shopping.yahoo.co.jp/bestexcel/567839.html
            [price] => 7330
        )

    [16] => Array
        (
            [shop] => ベストエクセル
            [url] => https://store.shopping.yahoo.co.jp/bestexcel/p513864.html
            [price] => 30099
        )

    [17] => Array
        (
            [shop] => ベストエクセル
            [url] => https://store.shopping.yahoo.co.jp/bestexcel/7152123.html
            [price] => 34400
        )

    [18] => Array
        (
            [shop] => ベストエクセル
            [url] => https://store.shopping.yahoo.co.jp/bestexcel/p1909734.html
            [price] => 1780
        )

    [19] => Array
        (
            [shop] => ベストエクセル
            [url] => https://store.shopping.yahoo.co.jp/bestexcel/1901946.html
            [price] => 56800
        )

)
Array
(
    [0] => Array
        (
            [shop] => ベストエクセル
            [url] => https://store.shopping.yahoo.co.jp/bestexcel/1908413.html
            [price] => 1100
            [janCode] => 4967576450331
        )

    [1] => Array
        (
            [shop] => ベストエクセル
            [url] => https://store.shopping.yahoo.co.jp/bestexcel/274018.html
            [price] => 19800
            [janCode] => 4967576423861
        )

    [2] => Array
        (
            [shop] => ベストエクセル
            [url] => https://store.shopping.yahoo.co.jp/bestexcel/574849.html
            [price] => 16800
            [janCode] => 4967576555241
        )

    [3] => Array
        (
            [shop] => ベストエクセル
            [url] => https://store.shopping.yahoo.co.jp/bestexcel/517254.html
            [price] => 32800
            [janCode] => 4967576501033
        )

    [4] => Array
        (
            [shop] => ベストエクセル
            [url] => https://store.shopping.yahoo.co.jp/bestexcel/p1909757.html
            [price] => 2680
        )

    [5] => Array
        (
            [shop] => ベストエクセル
            [url] => https://store.shopping.yahoo.co.jp/bestexcel/p517344.html
            [price] => 64222
        )

    [6] => Array
        (
            [shop] => ベストエクセル
            [url] => https://store.shopping.yahoo.co.jp/bestexcel/573718.html
            [price] => 8280
        )

    [7] => Array
        (
            [shop] => ベストエクセル
            [url] => https://store.shopping.yahoo.co.jp/bestexcel/285278.html
            [price] => 3980
        )

    [8] => Array
        (
            [shop] => ベストエクセル
            [url] => https://store.shopping.yahoo.co.jp/bestexcel/i561058.html
            [price] => 14800
        )

    [9] => Array
        (
            [shop] => ベストエクセル
            [url] => https://store.shopping.yahoo.co.jp/bestexcel/562091.html
            [price] => 3450
        )

    [10] => Array
        (
            [shop] => ベストエクセル
            [url] => https://store.shopping.yahoo.co.jp/bestexcel/538563.html
            [price] => 49270
        )

    [11] => Array
        (
            [shop] => ベストエクセル
            [url] => https://store.shopping.yahoo.co.jp/bestexcel/572489.html
            [price] => 24800
        )

    [12] => Array
        (
            [shop] => ベストエクセル
            [url] => https://store.shopping.yahoo.co.jp/bestexcel/7145950.html
            [price] => 14280
        )

    [13] => Array
        (
            [shop] => ベストエクセル
            [url] => https://store.shopping.yahoo.co.jp/bestexcel/572638.html
            [price] => 35272
        )

    [14] => Array
        (
            [shop] => ベストエクセル
            [url] => https://store.shopping.yahoo.co.jp/bestexcel/517273.html
            [price] => 12950
        )

    [15] => Array
        (
            [shop] => ベストエクセル
            [url] => https://store.shopping.yahoo.co.jp/bestexcel/567839.html
            [price] => 7330
        )

    [16] => Array
        (
            [shop] => ベストエクセル
            [url] => https://store.shopping.yahoo.co.jp/bestexcel/p513864.html
            [price] => 30099
        )

    [17] => Array
        (
            [shop] => ベストエクセル
            [url] => https://store.shopping.yahoo.co.jp/bestexcel/7152123.html
            [price] => 34400
        )

    [18] => Array
        (
            [shop] => ベストエクセル
            [url] => https://store.shopping.yahoo.co.jp/bestexcel/p1909734.html
            [price] => 1780
        )

    [19] => Array
        (
            [shop] => ベストエクセル
            [url] => https://store.shopping.yahoo.co.jp/bestexcel/1901946.html
            [price] => 56800
        )

)
Array
(
    [0] => Array
        (
            [shop] => ベストエクセル
            [url] => https://store.shopping.yahoo.co.jp/bestexcel/1908413.html
            [price] => 1100
            [janCode] => 4967576450331
        )

    [1] => Array
        (
            [shop] => ベストエクセル
            [url] => https://store.shopping.yahoo.co.jp/bestexcel/274018.html
            [price] => 19800
            [janCode] => 4967576423861
        )

    [2] => Array
        (
            [shop] => ベストエクセル
            [url] => https://store.shopping.yahoo.co.jp/bestexcel/574849.html
            [price] => 16800
            [janCode] => 4967576555241
        )

    [3] => Array
        (
            [shop] => ベストエクセル
            [url] => https://store.shopping.yahoo.co.jp/bestexcel/517254.html
            [price] => 32800
            [janCode] => 4967576501033
        )

    [4] => Array
        (
            [shop] => ベストエクセル
            [url] => https://store.shopping.yahoo.co.jp/bestexcel/p1909757.html
            [price] => 2680
        )

    [5] => Array
        (
            [shop] => ベストエクセル
            [url] => https://store.shopping.yahoo.co.jp/bestexcel/p517344.html
            [price] => 64222
        )

    [6] => Array
        (
            [shop] => ベストエクセル
            [url] => https://store.shopping.yahoo.co.jp/bestexcel/573718.html
            [price] => 8280
        )

    [7] => Array
        (
            [shop] => ベストエクセル
            [url] => https://store.shopping.yahoo.co.jp/bestexcel/285278.html
            [price] => 3980
        )

    [8] => Array
        (
            [shop] => ベストエクセル
            [url] => https://store.shopping.yahoo.co.jp/bestexcel/i561058.html
            [price] => 14800
        )

    [9] => Array
        (
            [shop] => ベストエクセル
            [url] => https://store.shopping.yahoo.co.jp/bestexcel/562091.html
            [price] => 3450
        )

    [10] => Array
        (
            [shop] => ベストエクセル
            [url] => https://store.shopping.yahoo.co.jp/bestexcel/538563.html
            [price] => 49270
        )

    [11] => Array
        (
            [shop] => ベストエクセル
            [url] => https://store.shopping.yahoo.co.jp/bestexcel/572489.html
            [price] => 24800
        )

    [12] => Array
        (
            [shop] => ベストエクセル
            [url] => https://store.shopping.yahoo.co.jp/bestexcel/7145950.html
            [price] => 14280
        )

    [13] => Array
        (
            [shop] => ベストエクセル
            [url] => https://store.shopping.yahoo.co.jp/bestexcel/572638.html
            [price] => 35272
        )

    [14] => Array
        (
            [shop] => ベストエクセル
            [url] => https://store.shopping.yahoo.co.jp/bestexcel/517273.html
            [price] => 12950
        )

    [15] => Array
        (
            [shop] => ベストエクセル
            [url] => https://store.shopping.yahoo.co.jp/bestexcel/567839.html
            [price] => 7330
        )

    [16] => Array
        (
            [shop] => ベストエクセル
            [url] => https://store.shopping.yahoo.co.jp/bestexcel/p513864.html
            [price] => 30099
        )

    [17] => Array
        (
            [shop] => ベストエクセル
            [url] => https://store.shopping.yahoo.co.jp/bestexcel/7152123.html
            [price] => 34400
        )

    [18] => Array
        (
            [shop] => ベストエクセル
            [url] => https://store.shopping.yahoo.co.jp/bestexcel/p1909734.html
            [price] => 1780
        )

    [19] => Array
        (
            [shop] => ベストエクセル
            [url] => https://store.shopping.yahoo.co.jp/bestexcel/1901946.html
            [price] => 56800
        )

)
Array
(
    [0] => Array
        (
            [shop] => ベストエクセル
            [url] => https://store.shopping.yahoo.co.jp/bestexcel/1908413.html
            [price] => 1100
            [janCode] => 4967576450331
        )

    [1] => Array
        (
            [shop] => ベストエクセル
            [url] => https://store.shopping.yahoo.co.jp/bestexcel/274018.html
            [price] => 19800
            [janCode] => 4967576423861
        )

    [2] => Array
        (
            [shop] => ベストエクセル
            [url] => https://store.shopping.yahoo.co.jp/bestexcel/574849.html
            [price] => 16800
            [janCode] => 4967576555241
        )

    [3] => Array
        (
            [shop] => ベストエクセル
            [url] => https://store.shopping.yahoo.co.jp/bestexcel/517254.html
            [price] => 32800
            [janCode] => 4967576501033
        )

    [4] => Array
        (
            [shop] => ベストエクセル
            [url] => https://store.shopping.yahoo.co.jp/bestexcel/p1909757.html
            [price] => 2680
        )

    [5] => Array
        (
            [shop] => ベストエクセル
            [url] => https://store.shopping.yahoo.co.jp/bestexcel/p517344.html
            [price] => 64222
        )

    [6] => Array
        (
            [shop] => ベストエクセル
            [url] => https://store.shopping.yahoo.co.jp/bestexcel/573718.html
            [price] => 8280
            [janCode] => 4967576452564
        )

    [7] => Array
        (
            [shop] => ベストエクセル
            [url] => https://store.shopping.yahoo.co.jp/bestexcel/285278.html
            [price] => 3980
        )

    [8] => Array
        (
            [shop] => ベストエクセル
            [url] => https://store.shopping.yahoo.co.jp/bestexcel/i561058.html
            [price] => 14800
        )

    [9] => Array
        (
            [shop] => ベストエクセル
            [url] => https://store.shopping.yahoo.co.jp/bestexcel/562091.html
            [price] => 3450
        )

    [10] => Array
        (
            [shop] => ベストエクセル
            [url] => https://store.shopping.yahoo.co.jp/bestexcel/538563.html
            [price] => 49270
        )

    [11] => Array
        (
            [shop] => ベストエクセル
            [url] => https://store.shopping.yahoo.co.jp/bestexcel/572489.html
            [price] => 24800
        )

    [12] => Array
        (
            [shop] => ベストエクセル
            [url] => https://store.shopping.yahoo.co.jp/bestexcel/7145950.html
            [price] => 14280
        )

    [13] => Array
        (
            [shop] => ベストエクセル
            [url] => https://store.shopping.yahoo.co.jp/bestexcel/572638.html
            [price] => 35272
        )

    [14] => Array
        (
            [shop] => ベストエクセル
            [url] => https://store.shopping.yahoo.co.jp/bestexcel/517273.html
            [price] => 12950
        )

    [15] => Array
        (
            [shop] => ベストエクセル
            [url] => https://store.shopping.yahoo.co.jp/bestexcel/567839.html
            [price] => 7330
        )

    [16] => Array
        (
            [shop] => ベストエクセル
            [url] => https://store.shopping.yahoo.co.jp/bestexcel/p513864.html
            [price] => 30099
        )

    [17] => Array
        (
            [shop] => ベストエクセル
            [url] => https://store.shopping.yahoo.co.jp/bestexcel/7152123.html
            [price] => 34400
        )

    [18] => Array
        (
            [shop] => ベストエクセル
            [url] => https://store.shopping.yahoo.co.jp/bestexcel/p1909734.html
            [price] => 1780
        )

    [19] => Array
        (
            [shop] => ベストエクセル
            [url] => https://store.shopping.yahoo.co.jp/bestexcel/1901946.html
            [price] => 56800
        )

)
Array
(
    [0] => Array
        (
            [shop] => ベストエクセル
            [url] => https://store.shopping.yahoo.co.jp/bestexcel/1908413.html
            [price] => 1100
            [janCode] => 4967576450331
        )

    [1] => Array
        (
            [shop] => ベストエクセル
            [url] => https://store.shopping.yahoo.co.jp/bestexcel/274018.html
            [price] => 19800
            [janCode] => 4967576423861
        )

    [2] => Array
        (
            [shop] => ベストエクセル
            [url] => https://store.shopping.yahoo.co.jp/bestexcel/574849.html
            [price] => 16800
            [janCode] => 4967576555241
        )

    [3] => Array
        (
            [shop] => ベストエクセル
            [url] => https://store.shopping.yahoo.co.jp/bestexcel/517254.html
            [price] => 32800
            [janCode] => 4967576501033
        )

    [4] => Array
        (
            [shop] => ベストエクセル
            [url] => https://store.shopping.yahoo.co.jp/bestexcel/p1909757.html
            [price] => 2680
        )

    [5] => Array
        (
            [shop] => ベストエクセル
            [url] => https://store.shopping.yahoo.co.jp/bestexcel/p517344.html
            [price] => 64222
        )

    [6] => Array
        (
            [shop] => ベストエクセル
            [url] => https://store.shopping.yahoo.co.jp/bestexcel/573718.html
            [price] => 8280
            [janCode] => 4967576452564
        )

    [7] => Array
        (
            [shop] => ベストエクセル
            [url] => https://store.shopping.yahoo.co.jp/bestexcel/285278.html
            [price] => 3980
            [janCode] => 4967576493758
        )

    [8] => Array
        (
            [shop] => ベストエクセル
            [url] => https://store.shopping.yahoo.co.jp/bestexcel/i561058.html
            [price] => 14800
        )

    [9] => Array
        (
            [shop] => ベストエクセル
            [url] => https://store.shopping.yahoo.co.jp/bestexcel/562091.html
            [price] => 3450
        )

    [10] => Array
        (
            [shop] => ベストエクセル
            [url] => https://store.shopping.yahoo.co.jp/bestexcel/538563.html
            [price] => 49270
        )

    [11] => Array
        (
            [shop] => ベストエクセル
            [url] => https://store.shopping.yahoo.co.jp/bestexcel/572489.html
            [price] => 24800
        )

    [12] => Array
        (
            [shop] => ベストエクセル
            [url] => https://store.shopping.yahoo.co.jp/bestexcel/7145950.html
            [price] => 14280
        )

    [13] => Array
        (
            [shop] => ベストエクセル
            [url] => https://store.shopping.yahoo.co.jp/bestexcel/572638.html
            [price] => 35272
        )

    [14] => Array
        (
            [shop] => ベストエクセル
            [url] => https://store.shopping.yahoo.co.jp/bestexcel/517273.html
            [price] => 12950
        )

    [15] => Array
        (
            [shop] => ベストエクセル
            [url] => https://store.shopping.yahoo.co.jp/bestexcel/567839.html
            [price] => 7330
        )

    [16] => Array
        (
            [shop] => ベストエクセル
            [url] => https://store.shopping.yahoo.co.jp/bestexcel/p513864.html
            [price] => 30099
        )

    [17] => Array
        (
            [shop] => ベストエクセル
            [url] => https://store.shopping.yahoo.co.jp/bestexcel/7152123.html
            [price] => 34400
        )

    [18] => Array
        (
            [shop] => ベストエクセル
            [url] => https://store.shopping.yahoo.co.jp/bestexcel/p1909734.html
            [price] => 1780
        )

    [19] => Array
        (
            [shop] => ベストエクセル
            [url] => https://store.shopping.yahoo.co.jp/bestexcel/1901946.html
            [price] => 56800
        )

)
Array
(
    [0] => Array
        (
            [shop] => ベストエクセル
            [url] => https://store.shopping.yahoo.co.jp/bestexcel/1908413.html
            [price] => 1100
            [janCode] => 4967576450331
        )

    [1] => Array
        (
            [shop] => ベストエクセル
            [url] => https://store.shopping.yahoo.co.jp/bestexcel/274018.html
            [price] => 19800
            [janCode] => 4967576423861
        )

    [2] => Array
        (
            [shop] => ベストエクセル
            [url] => https://store.shopping.yahoo.co.jp/bestexcel/574849.html
            [price] => 16800
            [janCode] => 4967576555241
        )

    [3] => Array
        (
            [shop] => ベストエクセル
            [url] => https://store.shopping.yahoo.co.jp/bestexcel/517254.html
            [price] => 32800
            [janCode] => 4967576501033
        )

    [4] => Array
        (
            [shop] => ベストエクセル
            [url] => https://store.shopping.yahoo.co.jp/bestexcel/p1909757.html
            [price] => 2680
        )

    [5] => Array
        (
            [shop] => ベストエクセル
            [url] => https://store.shopping.yahoo.co.jp/bestexcel/p517344.html
            [price] => 64222
        )

    [6] => Array
        (
            [shop] => ベストエクセル
            [url] => https://store.shopping.yahoo.co.jp/bestexcel/573718.html
            [price] => 8280
            [janCode] => 4967576452564
        )

    [7] => Array
        (
            [shop] => ベストエクセル
            [url] => https://store.shopping.yahoo.co.jp/bestexcel/285278.html
            [price] => 3980
            [janCode] => 4967576493758
        )

    [8] => Array
        (
            [shop] => ベストエクセル
            [url] => https://store.shopping.yahoo.co.jp/bestexcel/i561058.html
            [price] => 14800
            [janCode] => 4967576186087
        )

    [9] => Array
        (
            [shop] => ベストエクセル
            [url] => https://store.shopping.yahoo.co.jp/bestexcel/562091.html
            [price] => 3450
        )

    [10] => Array
        (
            [shop] => ベストエクセル
            [url] => https://store.shopping.yahoo.co.jp/bestexcel/538563.html
            [price] => 49270
        )

    [11] => Array
        (
            [shop] => ベストエクセル
            [url] => https://store.shopping.yahoo.co.jp/bestexcel/572489.html
            [price] => 24800
        )

    [12] => Array
        (
            [shop] => ベストエクセル
            [url] => https://store.shopping.yahoo.co.jp/bestexcel/7145950.html
            [price] => 14280
        )

    [13] => Array
        (
            [shop] => ベストエクセル
            [url] => https://store.shopping.yahoo.co.jp/bestexcel/572638.html
            [price] => 35272
        )

    [14] => Array
        (
            [shop] => ベストエクセル
            [url] => https://store.shopping.yahoo.co.jp/bestexcel/517273.html
            [price] => 12950
        )

    [15] => Array
        (
            [shop] => ベストエクセル
            [url] => https://store.shopping.yahoo.co.jp/bestexcel/567839.html
            [price] => 7330
        )

    [16] => Array
        (
            [shop] => ベストエクセル
            [url] => https://store.shopping.yahoo.co.jp/bestexcel/p513864.html
            [price] => 30099
        )

    [17] => Array
        (
            [shop] => ベストエクセル
            [url] => https://store.shopping.yahoo.co.jp/bestexcel/7152123.html
            [price] => 34400
        )

    [18] => Array
        (
            [shop] => ベストエクセル
            [url] => https://store.shopping.yahoo.co.jp/bestexcel/p1909734.html
            [price] => 1780
        )

    [19] => Array
        (
            [shop] => ベストエクセル
            [url] => https://store.shopping.yahoo.co.jp/bestexcel/1901946.html
            [price] => 56800
        )

)
Array
(
    [0] => Array
        (
            [shop] => ベストエクセル
            [url] => https://store.shopping.yahoo.co.jp/bestexcel/1908413.html
            [price] => 1100
            [janCode] => 4967576450331
        )

    [1] => Array
        (
            [shop] => ベストエクセル
            [url] => https://store.shopping.yahoo.co.jp/bestexcel/274018.html
            [price] => 19800
            [janCode] => 4967576423861
        )

    [2] => Array
        (
            [shop] => ベストエクセル
            [url] => https://store.shopping.yahoo.co.jp/bestexcel/574849.html
            [price] => 16800
            [janCode] => 4967576555241
        )

    [3] => Array
        (
            [shop] => ベストエクセル
            [url] => https://store.shopping.yahoo.co.jp/bestexcel/517254.html
            [price] => 32800
            [janCode] => 4967576501033
        )

    [4] => Array
        (
            [shop] => ベストエクセル
            [url] => https://store.shopping.yahoo.co.jp/bestexcel/p1909757.html
            [price] => 2680
        )

    [5] => Array
        (
            [shop] => ベストエクセル
            [url] => https://store.shopping.yahoo.co.jp/bestexcel/p517344.html
            [price] => 64222
        )

    [6] => Array
        (
            [shop] => ベストエクセル
            [url] => https://store.shopping.yahoo.co.jp/bestexcel/573718.html
            [price] => 8280
            [janCode] => 4967576452564
        )

    [7] => Array
        (
            [shop] => ベストエクセル
            [url] => https://store.shopping.yahoo.co.jp/bestexcel/285278.html
            [price] => 3980
            [janCode] => 4967576493758
        )

    [8] => Array
        (
            [shop] => ベストエクセル
            [url] => https://store.shopping.yahoo.co.jp/bestexcel/i561058.html
            [price] => 14800
            [janCode] => 4967576186087
        )

    [9] => Array
        (
            [shop] => ベストエクセル
            [url] => https://store.shopping.yahoo.co.jp/bestexcel/562091.html
            [price] => 3450
            [janCode] => 4967576250252
        )

    [10] => Array
        (
            [shop] => ベストエクセル
            [url] => https://store.shopping.yahoo.co.jp/bestexcel/538563.html
            [price] => 49270
        )

    [11] => Array
        (
            [shop] => ベストエクセル
            [url] => https://store.shopping.yahoo.co.jp/bestexcel/572489.html
            [price] => 24800
        )

    [12] => Array
        (
            [shop] => ベストエクセル
            [url] => https://store.shopping.yahoo.co.jp/bestexcel/7145950.html
            [price] => 14280
        )

    [13] => Array
        (
            [shop] => ベストエクセル
            [url] => https://store.shopping.yahoo.co.jp/bestexcel/572638.html
            [price] => 35272
        )

    [14] => Array
        (
            [shop] => ベストエクセル
            [url] => https://store.shopping.yahoo.co.jp/bestexcel/517273.html
            [price] => 12950
        )

    [15] => Array
        (
            [shop] => ベストエクセル
            [url] => https://store.shopping.yahoo.co.jp/bestexcel/567839.html
            [price] => 7330
        )

    [16] => Array
        (
            [shop] => ベストエクセル
            [url] => https://store.shopping.yahoo.co.jp/bestexcel/p513864.html
            [price] => 30099
        )

    [17] => Array
        (
            [shop] => ベストエクセル
            [url] => https://store.shopping.yahoo.co.jp/bestexcel/7152123.html
            [price] => 34400
        )

    [18] => Array
        (
            [shop] => ベストエクセル
            [url] => https://store.shopping.yahoo.co.jp/bestexcel/p1909734.html
            [price] => 1780
        )

    [19] => Array
        (
            [shop] => ベストエクセル
            [url] => https://store.shopping.yahoo.co.jp/bestexcel/1901946.html
            [price] => 56800
        )

)
Array
(
    [0] => Array
        (
            [shop] => ベストエクセル
            [url] => https://store.shopping.yahoo.co.jp/bestexcel/1908413.html
            [price] => 1100
            [janCode] => 4967576450331
        )

    [1] => Array
        (
            [shop] => ベストエクセル
            [url] => https://store.shopping.yahoo.co.jp/bestexcel/274018.html
            [price] => 19800
            [janCode] => 4967576423861
        )

    [2] => Array
        (
            [shop] => ベストエクセル
            [url] => https://store.shopping.yahoo.co.jp/bestexcel/574849.html
            [price] => 16800
            [janCode] => 4967576555241
        )

    [3] => Array
        (
            [shop] => ベストエクセル
            [url] => https://store.shopping.yahoo.co.jp/bestexcel/517254.html
            [price] => 32800
            [janCode] => 4967576501033
        )

    [4] => Array
        (
            [shop] => ベストエクセル
            [url] => https://store.shopping.yahoo.co.jp/bestexcel/p1909757.html
            [price] => 2680
        )

    [5] => Array
        (
            [shop] => ベストエクセル
            [url] => https://store.shopping.yahoo.co.jp/bestexcel/p517344.html
            [price] => 64222
        )

    [6] => Array
        (
            [shop] => ベストエクセル
            [url] => https://store.shopping.yahoo.co.jp/bestexcel/573718.html
            [price] => 8280
            [janCode] => 4967576452564
        )

    [7] => Array
        (
            [shop] => ベストエクセル
            [url] => https://store.shopping.yahoo.co.jp/bestexcel/285278.html
            [price] => 3980
            [janCode] => 4967576493758
        )

    [8] => Array
        (
            [shop] => ベストエクセル
            [url] => https://store.shopping.yahoo.co.jp/bestexcel/i561058.html
            [price] => 14800
            [janCode] => 4967576186087
        )

    [9] => Array
        (
            [shop] => ベストエクセル
            [url] => https://store.shopping.yahoo.co.jp/bestexcel/562091.html
            [price] => 3450
            [janCode] => 4967576250252
        )

    [10] => Array
        (
            [shop] => ベストエクセル
            [url] => https://store.shopping.yahoo.co.jp/bestexcel/538563.html
            [price] => 49270
            [janCode] => 4967576550727
        )

    [11] => Array
        (
            [shop] => ベストエクセル
            [url] => https://store.shopping.yahoo.co.jp/bestexcel/572489.html
            [price] => 24800
        )

    [12] => Array
        (
            [shop] => ベストエクセル
            [url] => https://store.shopping.yahoo.co.jp/bestexcel/7145950.html
            [price] => 14280
        )

    [13] => Array
        (
            [shop] => ベストエクセル
            [url] => https://store.shopping.yahoo.co.jp/bestexcel/572638.html
            [price] => 35272
        )

    [14] => Array
        (
            [shop] => ベストエクセル
            [url] => https://store.shopping.yahoo.co.jp/bestexcel/517273.html
            [price] => 12950
        )

    [15] => Array
        (
            [shop] => ベストエクセル
            [url] => https://store.shopping.yahoo.co.jp/bestexcel/567839.html
            [price] => 7330
        )

    [16] => Array
        (
            [shop] => ベストエクセル
            [url] => https://store.shopping.yahoo.co.jp/bestexcel/p513864.html
            [price] => 30099
        )

    [17] => Array
        (
            [shop] => ベストエクセル
            [url] => https://store.shopping.yahoo.co.jp/bestexcel/7152123.html
            [price] => 34400
        )

    [18] => Array
        (
            [shop] => ベストエクセル
            [url] => https://store.shopping.yahoo.co.jp/bestexcel/p1909734.html
            [price] => 1780
        )

    [19] => Array
        (
            [shop] => ベストエクセル
            [url] => https://store.shopping.yahoo.co.jp/bestexcel/1901946.html
            [price] => 56800
        )

)
Array
(
    [0] => Array
        (
            [shop] => ベストエクセル
            [url] => https://store.shopping.yahoo.co.jp/bestexcel/1908413.html
            [price] => 1100
            [janCode] => 4967576450331
        )

    [1] => Array
        (
            [shop] => ベストエクセル
            [url] => https://store.shopping.yahoo.co.jp/bestexcel/274018.html
            [price] => 19800
            [janCode] => 4967576423861
        )

    [2] => Array
        (
            [shop] => ベストエクセル
            [url] => https://store.shopping.yahoo.co.jp/bestexcel/574849.html
            [price] => 16800
            [janCode] => 4967576555241
        )

    [3] => Array
        (
            [shop] => ベストエクセル
            [url] => https://store.shopping.yahoo.co.jp/bestexcel/517254.html
            [price] => 32800
            [janCode] => 4967576501033
        )

    [4] => Array
        (
            [shop] => ベストエクセル
            [url] => https://store.shopping.yahoo.co.jp/bestexcel/p1909757.html
            [price] => 2680
        )

    [5] => Array
        (
            [shop] => ベストエクセル
            [url] => https://store.shopping.yahoo.co.jp/bestexcel/p517344.html
            [price] => 64222
        )

    [6] => Array
        (
            [shop] => ベストエクセル
            [url] => https://store.shopping.yahoo.co.jp/bestexcel/573718.html
            [price] => 8280
            [janCode] => 4967576452564
        )

    [7] => Array
        (
            [shop] => ベストエクセル
            [url] => https://store.shopping.yahoo.co.jp/bestexcel/285278.html
            [price] => 3980
            [janCode] => 4967576493758
        )

    [8] => Array
        (
            [shop] => ベストエクセル
            [url] => https://store.shopping.yahoo.co.jp/bestexcel/i561058.html
            [price] => 14800
            [janCode] => 4967576186087
        )

    [9] => Array
        (
            [shop] => ベストエクセル
            [url] => https://store.shopping.yahoo.co.jp/bestexcel/562091.html
            [price] => 3450
            [janCode] => 4967576250252
        )

    [10] => Array
        (
            [shop] => ベストエクセル
            [url] => https://store.shopping.yahoo.co.jp/bestexcel/538563.html
            [price] => 49270
            [janCode] => 4967576550727
        )

    [11] => Array
        (
            [shop] => ベストエクセル
            [url] => https://store.shopping.yahoo.co.jp/bestexcel/572489.html
            [price] => 24800
        )

    [12] => Array
        (
            [shop] => ベストエクセル
            [url] => https://store.shopping.yahoo.co.jp/bestexcel/7145950.html
            [price] => 14280
        )

    [13] => Array
        (
            [shop] => ベストエクセル
            [url] => https://store.shopping.yahoo.co.jp/bestexcel/572638.html
            [price] => 35272
        )

    [14] => Array
        (
            [shop] => ベストエクセル
            [url] => https://store.shopping.yahoo.co.jp/bestexcel/517273.html
            [price] => 12950
        )

    [15] => Array
        (
            [shop] => ベストエクセル
            [url] => https://store.shopping.yahoo.co.jp/bestexcel/567839.html
            [price] => 7330
        )

    [16] => Array
        (
            [shop] => ベストエクセル
            [url] => https://store.shopping.yahoo.co.jp/bestexcel/p513864.html
            [price] => 30099
        )

    [17] => Array
        (
            [shop] => ベストエクセル
            [url] => https://store.shopping.yahoo.co.jp/bestexcel/7152123.html
            [price] => 34400
        )

    [18] => Array
        (
            [shop] => ベストエクセル
            [url] => https://store.shopping.yahoo.co.jp/bestexcel/p1909734.html
            [price] => 1780
        )

    [19] => Array
        (
            [shop] => ベストエクセル
            [url] => https://store.shopping.yahoo.co.jp/bestexcel/1901946.html
            [price] => 56800
        )

)
Array
(
    [0] => Array
        (
            [shop] => ベストエクセル
            [url] => https://store.shopping.yahoo.co.jp/bestexcel/1908413.html
            [price] => 1100
            [janCode] => 4967576450331
        )

    [1] => Array
        (
            [shop] => ベストエクセル
            [url] => https://store.shopping.yahoo.co.jp/bestexcel/274018.html
            [price] => 19800
            [janCode] => 4967576423861
        )

    [2] => Array
        (
            [shop] => ベストエクセル
            [url] => https://store.shopping.yahoo.co.jp/bestexcel/574849.html
            [price] => 16800
            [janCode] => 4967576555241
        )

    [3] => Array
        (
            [shop] => ベストエクセル
            [url] => https://store.shopping.yahoo.co.jp/bestexcel/517254.html
            [price] => 32800
            [janCode] => 4967576501033
        )

    [4] => Array
        (
            [shop] => ベストエクセル
            [url] => https://store.shopping.yahoo.co.jp/bestexcel/p1909757.html
            [price] => 2680
        )

    [5] => Array
        (
            [shop] => ベストエクセル
            [url] => https://store.shopping.yahoo.co.jp/bestexcel/p517344.html
            [price] => 64222
        )

    [6] => Array
        (
            [shop] => ベストエクセル
            [url] => https://store.shopping.yahoo.co.jp/bestexcel/573718.html
            [price] => 8280
            [janCode] => 4967576452564
        )

    [7] => Array
        (
            [shop] => ベストエクセル
            [url] => https://store.shopping.yahoo.co.jp/bestexcel/285278.html
            [price] => 3980
            [janCode] => 4967576493758
        )

    [8] => Array
        (
            [shop] => ベストエクセル
            [url] => https://store.shopping.yahoo.co.jp/bestexcel/i561058.html
            [price] => 14800
            [janCode] => 4967576186087
        )

    [9] => Array
        (
            [shop] => ベストエクセル
            [url] => https://store.shopping.yahoo.co.jp/bestexcel/562091.html
            [price] => 3450
            [janCode] => 4967576250252
        )

    [10] => Array
        (
            [shop] => ベストエクセル
            [url] => https://store.shopping.yahoo.co.jp/bestexcel/538563.html
            [price] => 49270
            [janCode] => 4967576550727
        )

    [11] => Array
        (
            [shop] => ベストエクセル
            [url] => https://store.shopping.yahoo.co.jp/bestexcel/572489.html
            [price] => 24800
        )

    [12] => Array
        (
            [shop] => ベストエクセル
            [url] => https://store.shopping.yahoo.co.jp/bestexcel/7145950.html
            [price] => 14280
            [janCode] => 4974305218773
        )

    [13] => Array
        (
            [shop] => ベストエクセル
            [url] => https://store.shopping.yahoo.co.jp/bestexcel/572638.html
            [price] => 35272
        )

    [14] => Array
        (
            [shop] => ベストエクセル
            [url] => https://store.shopping.yahoo.co.jp/bestexcel/517273.html
            [price] => 12950
        )

    [15] => Array
        (
            [shop] => ベストエクセル
            [url] => https://store.shopping.yahoo.co.jp/bestexcel/567839.html
            [price] => 7330
        )

    [16] => Array
        (
            [shop] => ベストエクセル
            [url] => https://store.shopping.yahoo.co.jp/bestexcel/p513864.html
            [price] => 30099
        )

    [17] => Array
        (
            [shop] => ベストエクセル
            [url] => https://store.shopping.yahoo.co.jp/bestexcel/7152123.html
            [price] => 34400
        )

    [18] => Array
        (
            [shop] => ベストエクセル
            [url] => https://store.shopping.yahoo.co.jp/bestexcel/p1909734.html
            [price] => 1780
        )

    [19] => Array
        (
            [shop] => ベストエクセル
            [url] => https://store.shopping.yahoo.co.jp/bestexcel/1901946.html
            [price] => 56800
        )

)
Array
(
    [0] => Array
        (
            [shop] => ベストエクセル
            [url] => https://store.shopping.yahoo.co.jp/bestexcel/1908413.html
            [price] => 1100
            [janCode] => 4967576450331
        )

    [1] => Array
        (
            [shop] => ベストエクセル
            [url] => https://store.shopping.yahoo.co.jp/bestexcel/274018.html
            [price] => 19800
            [janCode] => 4967576423861
        )

    [2] => Array
        (
            [shop] => ベストエクセル
            [url] => https://store.shopping.yahoo.co.jp/bestexcel/574849.html
            [price] => 16800
            [janCode] => 4967576555241
        )

    [3] => Array
        (
            [shop] => ベストエクセル
            [url] => https://store.shopping.yahoo.co.jp/bestexcel/517254.html
            [price] => 32800
            [janCode] => 4967576501033
        )

    [4] => Array
        (
            [shop] => ベストエクセル
            [url] => https://store.shopping.yahoo.co.jp/bestexcel/p1909757.html
            [price] => 2680
        )

    [5] => Array
        (
            [shop] => ベストエクセル
            [url] => https://store.shopping.yahoo.co.jp/bestexcel/p517344.html
            [price] => 64222
        )

    [6] => Array
        (
            [shop] => ベストエクセル
            [url] => https://store.shopping.yahoo.co.jp/bestexcel/573718.html
            [price] => 8280
            [janCode] => 4967576452564
        )

    [7] => Array
        (
            [shop] => ベストエクセル
            [url] => https://store.shopping.yahoo.co.jp/bestexcel/285278.html
            [price] => 3980
            [janCode] => 4967576493758
        )

    [8] => Array
        (
            [shop] => ベストエクセル
            [url] => https://store.shopping.yahoo.co.jp/bestexcel/i561058.html
            [price] => 14800
            [janCode] => 4967576186087
        )

    [9] => Array
        (
            [shop] => ベストエクセル
            [url] => https://store.shopping.yahoo.co.jp/bestexcel/562091.html
            [price] => 3450
            [janCode] => 4967576250252
        )

    [10] => Array
        (
            [shop] => ベストエクセル
            [url] => https://store.shopping.yahoo.co.jp/bestexcel/538563.html
            [price] => 49270
            [janCode] => 4967576550727
        )

    [11] => Array
        (
            [shop] => ベストエクセル
            [url] => https://store.shopping.yahoo.co.jp/bestexcel/572489.html
            [price] => 24800
        )

    [12] => Array
        (
            [shop] => ベストエクセル
            [url] => https://store.shopping.yahoo.co.jp/bestexcel/7145950.html
            [price] => 14280
            [janCode] => 4974305218773
        )

    [13] => Array
        (
            [shop] => ベストエクセル
            [url] => https://store.shopping.yahoo.co.jp/bestexcel/572638.html
            [price] => 35272
            [janCode] => 4967576394383
        )

    [14] => Array
        (
            [shop] => ベストエクセル
            [url] => https://store.shopping.yahoo.co.jp/bestexcel/517273.html
            [price] => 12950
        )

    [15] => Array
        (
            [shop] => ベストエクセル
            [url] => https://store.shopping.yahoo.co.jp/bestexcel/567839.html
            [price] => 7330
        )

    [16] => Array
        (
            [shop] => ベストエクセル
            [url] => https://store.shopping.yahoo.co.jp/bestexcel/p513864.html
            [price] => 30099
        )

    [17] => Array
        (
            [shop] => ベストエクセル
            [url] => https://store.shopping.yahoo.co.jp/bestexcel/7152123.html
            [price] => 34400
        )

    [18] => Array
        (
            [shop] => ベストエクセル
            [url] => https://store.shopping.yahoo.co.jp/bestexcel/p1909734.html
            [price] => 1780
        )

    [19] => Array
        (
            [shop] => ベストエクセル
            [url] => https://store.shopping.yahoo.co.jp/bestexcel/1901946.html
            [price] => 56800
        )

)
Array
(
    [0] => Array
        (
            [shop] => ベストエクセル
            [url] => https://store.shopping.yahoo.co.jp/bestexcel/1908413.html
            [price] => 1100
            [janCode] => 4967576450331
        )

    [1] => Array
        (
            [shop] => ベストエクセル
            [url] => https://store.shopping.yahoo.co.jp/bestexcel/274018.html
            [price] => 19800
            [janCode] => 4967576423861
        )

    [2] => Array
        (
            [shop] => ベストエクセル
            [url] => https://store.shopping.yahoo.co.jp/bestexcel/574849.html
            [price] => 16800
            [janCode] => 4967576555241
        )

    [3] => Array
        (
            [shop] => ベストエクセル
            [url] => https://store.shopping.yahoo.co.jp/bestexcel/517254.html
            [price] => 32800
            [janCode] => 4967576501033
        )

    [4] => Array
        (
            [shop] => ベストエクセル
            [url] => https://store.shopping.yahoo.co.jp/bestexcel/p1909757.html
            [price] => 2680
        )

    [5] => Array
        (
            [shop] => ベストエクセル
            [url] => https://store.shopping.yahoo.co.jp/bestexcel/p517344.html
            [price] => 64222
        )

    [6] => Array
        (
            [shop] => ベストエクセル
            [url] => https://store.shopping.yahoo.co.jp/bestexcel/573718.html
            [price] => 8280
            [janCode] => 4967576452564
        )

    [7] => Array
        (
            [shop] => ベストエクセル
            [url] => https://store.shopping.yahoo.co.jp/bestexcel/285278.html
            [price] => 3980
            [janCode] => 4967576493758
        )

    [8] => Array
        (
            [shop] => ベストエクセル
            [url] => https://store.shopping.yahoo.co.jp/bestexcel/i561058.html
            [price] => 14800
            [janCode] => 4967576186087
        )

    [9] => Array
        (
            [shop] => ベストエクセル
            [url] => https://store.shopping.yahoo.co.jp/bestexcel/562091.html
            [price] => 3450
            [janCode] => 4967576250252
        )

    [10] => Array
        (
            [shop] => ベストエクセル
            [url] => https://store.shopping.yahoo.co.jp/bestexcel/538563.html
            [price] => 49270
            [janCode] => 4967576550727
        )

    [11] => Array
        (
            [shop] => ベストエクセル
            [url] => https://store.shopping.yahoo.co.jp/bestexcel/572489.html
            [price] => 24800
        )

    [12] => Array
        (
            [shop] => ベストエクセル
            [url] => https://store.shopping.yahoo.co.jp/bestexcel/7145950.html
            [price] => 14280
            [janCode] => 4974305218773
        )

    [13] => Array
        (
            [shop] => ベストエクセル
            [url] => https://store.shopping.yahoo.co.jp/bestexcel/572638.html
            [price] => 35272
            [janCode] => 4967576394383
        )

    [14] => Array
        (
            [shop] => ベストエクセル
            [url] => https://store.shopping.yahoo.co.jp/bestexcel/517273.html
            [price] => 12950
            [janCode] => 4967576501255
        )

    [15] => Array
        (
            [shop] => ベストエクセル
            [url] => https://store.shopping.yahoo.co.jp/bestexcel/567839.html
            [price] => 7330
        )

    [16] => Array
        (
            [shop] => ベストエクセル
            [url] => https://store.shopping.yahoo.co.jp/bestexcel/p513864.html
            [price] => 30099
        )

    [17] => Array
        (
            [shop] => ベストエクセル
            [url] => https://store.shopping.yahoo.co.jp/bestexcel/7152123.html
            [price] => 34400
        )

    [18] => Array
        (
            [shop] => ベストエクセル
            [url] => https://store.shopping.yahoo.co.jp/bestexcel/p1909734.html
            [price] => 1780
        )

    [19] => Array
        (
            [shop] => ベストエクセル
            [url] => https://store.shopping.yahoo.co.jp/bestexcel/1901946.html
            [price] => 56800
        )

)
Array
(
    [0] => Array
        (
            [shop] => ベストエクセル
            [url] => https://store.shopping.yahoo.co.jp/bestexcel/1908413.html
            [price] => 1100
            [janCode] => 4967576450331
        )

    [1] => Array
        (
            [shop] => ベストエクセル
            [url] => https://store.shopping.yahoo.co.jp/bestexcel/274018.html
            [price] => 19800
            [janCode] => 4967576423861
        )

    [2] => Array
        (
            [shop] => ベストエクセル
            [url] => https://store.shopping.yahoo.co.jp/bestexcel/574849.html
            [price] => 16800
            [janCode] => 4967576555241
        )

    [3] => Array
        (
            [shop] => ベストエクセル
            [url] => https://store.shopping.yahoo.co.jp/bestexcel/517254.html
            [price] => 32800
            [janCode] => 4967576501033
        )

    [4] => Array
        (
            [shop] => ベストエクセル
            [url] => https://store.shopping.yahoo.co.jp/bestexcel/p1909757.html
            [price] => 2680
        )

    [5] => Array
        (
            [shop] => ベストエクセル
            [url] => https://store.shopping.yahoo.co.jp/bestexcel/p517344.html
            [price] => 64222
        )

    [6] => Array
        (
            [shop] => ベストエクセル
            [url] => https://store.shopping.yahoo.co.jp/bestexcel/573718.html
            [price] => 8280
            [janCode] => 4967576452564
        )

    [7] => Array
        (
            [shop] => ベストエクセル
            [url] => https://store.shopping.yahoo.co.jp/bestexcel/285278.html
            [price] => 3980
            [janCode] => 4967576493758
        )

    [8] => Array
        (
            [shop] => ベストエクセル
            [url] => https://store.shopping.yahoo.co.jp/bestexcel/i561058.html
            [price] => 14800
            [janCode] => 4967576186087
        )

    [9] => Array
        (
            [shop] => ベストエクセル
            [url] => https://store.shopping.yahoo.co.jp/bestexcel/562091.html
            [price] => 3450
            [janCode] => 4967576250252
        )

    [10] => Array
        (
            [shop] => ベストエクセル
            [url] => https://store.shopping.yahoo.co.jp/bestexcel/538563.html
            [price] => 49270
            [janCode] => 4967576550727
        )

    [11] => Array
        (
            [shop] => ベストエクセル
            [url] => https://store.shopping.yahoo.co.jp/bestexcel/572489.html
            [price] => 24800
        )

    [12] => Array
        (
            [shop] => ベストエクセル
            [url] => https://store.shopping.yahoo.co.jp/bestexcel/7145950.html
            [price] => 14280
            [janCode] => 4974305218773
        )

    [13] => Array
        (
            [shop] => ベストエクセル
            [url] => https://store.shopping.yahoo.co.jp/bestexcel/572638.html
            [price] => 35272
            [janCode] => 4967576394383
        )

    [14] => Array
        (
            [shop] => ベストエクセル
            [url] => https://store.shopping.yahoo.co.jp/bestexcel/517273.html
            [price] => 12950
            [janCode] => 4967576501255
        )

    [15] => Array
        (
            [shop] => ベストエクセル
            [url] => https://store.shopping.yahoo.co.jp/bestexcel/567839.html
            [price] => 7330
            [janCode] => 4967576419383
        )

    [16] => Array
        (
            [shop] => ベストエクセル
            [url] => https://store.shopping.yahoo.co.jp/bestexcel/p513864.html
            [price] => 30099
        )

    [17] => Array
        (
            [shop] => ベストエクセル
            [url] => https://store.shopping.yahoo.co.jp/bestexcel/7152123.html
            [price] => 34400
        )

    [18] => Array
        (
            [shop] => ベストエクセル
            [url] => https://store.shopping.yahoo.co.jp/bestexcel/p1909734.html
            [price] => 1780
        )

    [19] => Array
        (
            [shop] => ベストエクセル
            [url] => https://store.shopping.yahoo.co.jp/bestexcel/1901946.html
            [price] => 56800
        )

)
Array
(
    [0] => Array
        (
            [shop] => ベストエクセル
            [url] => https://store.shopping.yahoo.co.jp/bestexcel/1908413.html
            [price] => 1100
            [janCode] => 4967576450331
        )

    [1] => Array
        (
            [shop] => ベストエクセル
            [url] => https://store.shopping.yahoo.co.jp/bestexcel/274018.html
            [price] => 19800
            [janCode] => 4967576423861
        )

    [2] => Array
        (
            [shop] => ベストエクセル
            [url] => https://store.shopping.yahoo.co.jp/bestexcel/574849.html
            [price] => 16800
            [janCode] => 4967576555241
        )

    [3] => Array
        (
            [shop] => ベストエクセル
            [url] => https://store.shopping.yahoo.co.jp/bestexcel/517254.html
            [price] => 32800
            [janCode] => 4967576501033
        )

    [4] => Array
        (
            [shop] => ベストエクセル
            [url] => https://store.shopping.yahoo.co.jp/bestexcel/p1909757.html
            [price] => 2680
        )

    [5] => Array
        (
            [shop] => ベストエクセル
            [url] => https://store.shopping.yahoo.co.jp/bestexcel/p517344.html
            [price] => 64222
        )

    [6] => Array
        (
            [shop] => ベストエクセル
            [url] => https://store.shopping.yahoo.co.jp/bestexcel/573718.html
            [price] => 8280
            [janCode] => 4967576452564
        )

    [7] => Array
        (
            [shop] => ベストエクセル
            [url] => https://store.shopping.yahoo.co.jp/bestexcel/285278.html
            [price] => 3980
            [janCode] => 4967576493758
        )

    [8] => Array
        (
            [shop] => ベストエクセル
            [url] => https://store.shopping.yahoo.co.jp/bestexcel/i561058.html
            [price] => 14800
            [janCode] => 4967576186087
        )

    [9] => Array
        (
            [shop] => ベストエクセル
            [url] => https://store.shopping.yahoo.co.jp/bestexcel/562091.html
            [price] => 3450
            [janCode] => 4967576250252
        )

    [10] => Array
        (
            [shop] => ベストエクセル
            [url] => https://store.shopping.yahoo.co.jp/bestexcel/538563.html
            [price] => 49270
            [janCode] => 4967576550727
        )

    [11] => Array
        (
            [shop] => ベストエクセル
            [url] => https://store.shopping.yahoo.co.jp/bestexcel/572489.html
            [price] => 24800
        )

    [12] => Array
        (
            [shop] => ベストエクセル
            [url] => https://store.shopping.yahoo.co.jp/bestexcel/7145950.html
            [price] => 14280
            [janCode] => 4974305218773
        )

    [13] => Array
        (
            [shop] => ベストエクセル
            [url] => https://store.shopping.yahoo.co.jp/bestexcel/572638.html
            [price] => 35272
            [janCode] => 4967576394383
        )

    [14] => Array
        (
            [shop] => ベストエクセル
            [url] => https://store.shopping.yahoo.co.jp/bestexcel/517273.html
            [price] => 12950
            [janCode] => 4967576501255
        )

    [15] => Array
        (
            [shop] => ベストエクセル
            [url] => https://store.shopping.yahoo.co.jp/bestexcel/567839.html
            [price] => 7330
            [janCode] => 4967576419383
        )

    [16] => Array
        (
            [shop] => ベストエクセル
            [url] => https://store.shopping.yahoo.co.jp/bestexcel/p513864.html
            [price] => 30099
            [janCode] => 4967576441513
        )

    [17] => Array
        (
            [shop] => ベストエクセル
            [url] => https://store.shopping.yahoo.co.jp/bestexcel/7152123.html
            [price] => 34400
        )

    [18] => Array
        (
            [shop] => ベストエクセル
            [url] => https://store.shopping.yahoo.co.jp/bestexcel/p1909734.html
            [price] => 1780
        )

    [19] => Array
        (
            [shop] => ベストエクセル
            [url] => https://store.shopping.yahoo.co.jp/bestexcel/1901946.html
            [price] => 56800
        )

)
Array
(
    [0] => Array
        (
            [shop] => ベストエクセル
            [url] => https://store.shopping.yahoo.co.jp/bestexcel/1908413.html
            [price] => 1100
            [janCode] => 4967576450331
        )

    [1] => Array
        (
            [shop] => ベストエクセル
            [url] => https://store.shopping.yahoo.co.jp/bestexcel/274018.html
            [price] => 19800
            [janCode] => 4967576423861
        )

    [2] => Array
        (
            [shop] => ベストエクセル
            [url] => https://store.shopping.yahoo.co.jp/bestexcel/574849.html
            [price] => 16800
            [janCode] => 4967576555241
        )

    [3] => Array
        (
            [shop] => ベストエクセル
            [url] => https://store.shopping.yahoo.co.jp/bestexcel/517254.html
            [price] => 32800
            [janCode] => 4967576501033
        )

    [4] => Array
        (
            [shop] => ベストエクセル
            [url] => https://store.shopping.yahoo.co.jp/bestexcel/p1909757.html
            [price] => 2680
        )

    [5] => Array
        (
            [shop] => ベストエクセル
            [url] => https://store.shopping.yahoo.co.jp/bestexcel/p517344.html
            [price] => 64222
        )

    [6] => Array
        (
            [shop] => ベストエクセル
            [url] => https://store.shopping.yahoo.co.jp/bestexcel/573718.html
            [price] => 8280
            [janCode] => 4967576452564
        )

    [7] => Array
        (
            [shop] => ベストエクセル
            [url] => https://store.shopping.yahoo.co.jp/bestexcel/285278.html
            [price] => 3980
            [janCode] => 4967576493758
        )

    [8] => Array
        (
            [shop] => ベストエクセル
            [url] => https://store.shopping.yahoo.co.jp/bestexcel/i561058.html
            [price] => 14800
            [janCode] => 4967576186087
        )

    [9] => Array
        (
            [shop] => ベストエクセル
            [url] => https://store.shopping.yahoo.co.jp/bestexcel/562091.html
            [price] => 3450
            [janCode] => 4967576250252
        )

    [10] => Array
        (
            [shop] => ベストエクセル
            [url] => https://store.shopping.yahoo.co.jp/bestexcel/538563.html
            [price] => 49270
            [janCode] => 4967576550727
        )

    [11] => Array
        (
            [shop] => ベストエクセル
            [url] => https://store.shopping.yahoo.co.jp/bestexcel/572489.html
            [price] => 24800
        )

    [12] => Array
        (
            [shop] => ベストエクセル
            [url] => https://store.shopping.yahoo.co.jp/bestexcel/7145950.html
            [price] => 14280
            [janCode] => 4974305218773
        )

    [13] => Array
        (
            [shop] => ベストエクセル
            [url] => https://store.shopping.yahoo.co.jp/bestexcel/572638.html
            [price] => 35272
            [janCode] => 4967576394383
        )

    [14] => Array
        (
            [shop] => ベストエクセル
            [url] => https://store.shopping.yahoo.co.jp/bestexcel/517273.html
            [price] => 12950
            [janCode] => 4967576501255
        )

    [15] => Array
        (
            [shop] => ベストエクセル
            [url] => https://store.shopping.yahoo.co.jp/bestexcel/567839.html
            [price] => 7330
            [janCode] => 4967576419383
        )

    [16] => Array
        (
            [shop] => ベストエクセル
            [url] => https://store.shopping.yahoo.co.jp/bestexcel/p513864.html
            [price] => 30099
            [janCode] => 4967576441513
        )

    [17] => Array
        (
            [shop] => ベストエクセル
            [url] => https://store.shopping.yahoo.co.jp/bestexcel/7152123.html
            [price] => 34400
            [janCode] => 4992536441210
        )

    [18] => Array
        (
            [shop] => ベストエクセル
            [url] => https://store.shopping.yahoo.co.jp/bestexcel/p1909734.html
            [price] => 1780
        )

    [19] => Array
        (
            [shop] => ベストエクセル
            [url] => https://store.shopping.yahoo.co.jp/bestexcel/1901946.html
            [price] => 56800
        )

)
Array
(
    [0] => Array
        (
            [shop] => ベストエクセル
            [url] => https://store.shopping.yahoo.co.jp/bestexcel/1908413.html
            [price] => 1100
            [janCode] => 4967576450331
        )

    [1] => Array
        (
            [shop] => ベストエクセル
            [url] => https://store.shopping.yahoo.co.jp/bestexcel/274018.html
            [price] => 19800
            [janCode] => 4967576423861
        )

    [2] => Array
        (
            [shop] => ベストエクセル
            [url] => https://store.shopping.yahoo.co.jp/bestexcel/574849.html
            [price] => 16800
            [janCode] => 4967576555241
        )

    [3] => Array
        (
            [shop] => ベストエクセル
            [url] => https://store.shopping.yahoo.co.jp/bestexcel/517254.html
            [price] => 32800
            [janCode] => 4967576501033
        )

    [4] => Array
        (
            [shop] => ベストエクセル
            [url] => https://store.shopping.yahoo.co.jp/bestexcel/p1909757.html
            [price] => 2680
        )

    [5] => Array
        (
            [shop] => ベストエクセル
            [url] => https://store.shopping.yahoo.co.jp/bestexcel/p517344.html
            [price] => 64222
        )

    [6] => Array
        (
            [shop] => ベストエクセル
            [url] => https://store.shopping.yahoo.co.jp/bestexcel/573718.html
            [price] => 8280
            [janCode] => 4967576452564
        )

    [7] => Array
        (
            [shop] => ベストエクセル
            [url] => https://store.shopping.yahoo.co.jp/bestexcel/285278.html
            [price] => 3980
            [janCode] => 4967576493758
        )

    [8] => Array
        (
            [shop] => ベストエクセル
            [url] => https://store.shopping.yahoo.co.jp/bestexcel/i561058.html
            [price] => 14800
            [janCode] => 4967576186087
        )

    [9] => Array
        (
            [shop] => ベストエクセル
            [url] => https://store.shopping.yahoo.co.jp/bestexcel/562091.html
            [price] => 3450
            [janCode] => 4967576250252
        )

    [10] => Array
        (
            [shop] => ベストエクセル
            [url] => https://store.shopping.yahoo.co.jp/bestexcel/538563.html
            [price] => 49270
            [janCode] => 4967576550727
        )

    [11] => Array
        (
            [shop] => ベストエクセル
            [url] => https://store.shopping.yahoo.co.jp/bestexcel/572489.html
            [price] => 24800
        )

    [12] => Array
        (
            [shop] => ベストエクセル
            [url] => https://store.shopping.yahoo.co.jp/bestexcel/7145950.html
            [price] => 14280
            [janCode] => 4974305218773
        )

    [13] => Array
        (
            [shop] => ベストエクセル
            [url] => https://store.shopping.yahoo.co.jp/bestexcel/572638.html
            [price] => 35272
            [janCode] => 4967576394383
        )

    [14] => Array
        (
            [shop] => ベストエクセル
            [url] => https://store.shopping.yahoo.co.jp/bestexcel/517273.html
            [price] => 12950
            [janCode] => 4967576501255
        )

    [15] => Array
        (
            [shop] => ベストエクセル
            [url] => https://store.shopping.yahoo.co.jp/bestexcel/567839.html
            [price] => 7330
            [janCode] => 4967576419383
        )

    [16] => Array
        (
            [shop] => ベストエクセル
            [url] => https://store.shopping.yahoo.co.jp/bestexcel/p513864.html
            [price] => 30099
            [janCode] => 4967576441513
        )

    [17] => Array
        (
            [shop] => ベストエクセル
            [url] => https://store.shopping.yahoo.co.jp/bestexcel/7152123.html
            [price] => 34400
            [janCode] => 4992536441210
        )

    [18] => Array
        (
            [shop] => ベストエクセル
            [url] => https://store.shopping.yahoo.co.jp/bestexcel/p1909734.html
            [price] => 1780
        )

    [19] => Array
        (
            [shop] => ベストエクセル
            [url] => https://store.shopping.yahoo.co.jp/bestexcel/1901946.html
            [price] => 56800
        )

)
Array
(
    [0] => Array
        (
            [shop] => ベストエクセル
            [url] => https://store.shopping.yahoo.co.jp/bestexcel/1908413.html
            [price] => 1100
            [janCode] => 4967576450331
        )

    [1] => Array
        (
            [shop] => ベストエクセル
            [url] => https://store.shopping.yahoo.co.jp/bestexcel/274018.html
            [price] => 19800
            [janCode] => 4967576423861
        )

    [2] => Array
        (
            [shop] => ベストエクセル
            [url] => https://store.shopping.yahoo.co.jp/bestexcel/574849.html
            [price] => 16800
            [janCode] => 4967576555241
        )

    [3] => Array
        (
            [shop] => ベストエクセル
            [url] => https://store.shopping.yahoo.co.jp/bestexcel/517254.html
            [price] => 32800
            [janCode] => 4967576501033
        )

    [4] => Array
        (
            [shop] => ベストエクセル
            [url] => https://store.shopping.yahoo.co.jp/bestexcel/p1909757.html
            [price] => 2680
        )

    [5] => Array
        (
            [shop] => ベストエクセル
            [url] => https://store.shopping.yahoo.co.jp/bestexcel/p517344.html
            [price] => 64222
        )

    [6] => Array
        (
            [shop] => ベストエクセル
            [url] => https://store.shopping.yahoo.co.jp/bestexcel/573718.html
            [price] => 8280
            [janCode] => 4967576452564
        )

    [7] => Array
        (
            [shop] => ベストエクセル
            [url] => https://store.shopping.yahoo.co.jp/bestexcel/285278.html
            [price] => 3980
            [janCode] => 4967576493758
        )

    [8] => Array
        (
            [shop] => ベストエクセル
            [url] => https://store.shopping.yahoo.co.jp/bestexcel/i561058.html
            [price] => 14800
            [janCode] => 4967576186087
        )

    [9] => Array
        (
            [shop] => ベストエクセル
            [url] => https://store.shopping.yahoo.co.jp/bestexcel/562091.html
            [price] => 3450
            [janCode] => 4967576250252
        )

    [10] => Array
        (
            [shop] => ベストエクセル
            [url] => https://store.shopping.yahoo.co.jp/bestexcel/538563.html
            [price] => 49270
            [janCode] => 4967576550727
        )

    [11] => Array
        (
            [shop] => ベストエクセル
            [url] => https://store.shopping.yahoo.co.jp/bestexcel/572489.html
            [price] => 24800
        )

    [12] => Array
        (
            [shop] => ベストエクセル
            [url] => https://store.shopping.yahoo.co.jp/bestexcel/7145950.html
            [price] => 14280
            [janCode] => 4974305218773
        )

    [13] => Array
        (
            [shop] => ベストエクセル
            [url] => https://store.shopping.yahoo.co.jp/bestexcel/572638.html
            [price] => 35272
            [janCode] => 4967576394383
        )

    [14] => Array
        (
            [shop] => ベストエクセル
            [url] => https://store.shopping.yahoo.co.jp/bestexcel/517273.html
            [price] => 12950
            [janCode] => 4967576501255
        )

    [15] => Array
        (
            [shop] => ベストエクセル
            [url] => https://store.shopping.yahoo.co.jp/bestexcel/567839.html
            [price] => 7330
            [janCode] => 4967576419383
        )

    [16] => Array
        (
            [shop] => ベストエクセル
            [url] => https://store.shopping.yahoo.co.jp/bestexcel/p513864.html
            [price] => 30099
            [janCode] => 4967576441513
        )

    [17] => Array
        (
            [shop] => ベストエクセル
            [url] => https://store.shopping.yahoo.co.jp/bestexcel/7152123.html
            [price] => 34400
            [janCode] => 4992536441210
        )

    [18] => Array
        (
            [shop] => ベストエクセル
            [url] => https://store.shopping.yahoo.co.jp/bestexcel/p1909734.html
            [price] => 1780
        )

    [19] => Array
        (
            [shop] => ベストエクセル
            [url] => https://store.shopping.yahoo.co.jp/bestexcel/1901946.html
            [price] => 56800
            [janCode] => 4967576531597
        )

)
amazon asin=B07Z4JY33Samazon asin=B07TLD5W4Kamazon asin=B09N7JRRN3amazon asin=B08NPSK2HDamazon asin=B08YZ1SLQGamazon asin=B08LKCM38Camazon asin=B09HMBGHTWamazon asin=B01LY8NPG5amazon asin=B09N72ZMM8amazon asin=B089M5MSP3amazon asin=B07KKPYXFSamazon asin=B09SSYFJBDamazon asin=B07PWZDSNCamazon asin=B07Z89WLP1amazon asin=B06XRQNN9Pamazon asin=B092VYR5JYYahoo janCode=4967576450331
Yahoo janCode=4967576423861
Yahoo janCode=4967576555241
Yahoo janCode=4967576501033
Yahoo janCode=
Yahoo janCode=
Yahoo janCode=4967576452564
Yahoo janCode=4967576493758
Yahoo janCode=4967576186087
Yahoo janCode=4967576250252
Yahoo janCode=4967576550727
Yahoo janCode=
Yahoo janCode=4974305218773
Yahoo janCode=4967576394383
Yahoo janCode=4967576501255
Yahoo janCode=4967576419383
Yahoo janCode=4967576441513
Yahoo janCode=4992536441210
Yahoo janCode=
Yahoo janCode=4967576531597
amazon asin=B07Z4JY33S
amazon asin=B07TLD5W4K
amazon asin=B09N7JRRN3
amazon asin=B09DPLYBS4
amazon asin=B08YZ1SLQG
amazon asin=B08LKCM38C
amazon asin=B09HMBGHTW
amazon asin=B01LY8NPG5
amazon asin=B09N72ZMM8
amazon asin=B089M5MSP3
amazon asin=B07KKPYXFS
amazon asin=B09SSYFJBD
amazon asin=B07SCY5TLQ
amazon asin=B07Z89WLP1
amazon asin=B06XRQNN9P
amazon asin=B092VYR5JY
Yahoo janCode=4967576450331
Yahoo janCode=4967576423861
Yahoo janCode=4967576555241
Yahoo janCode=4967576501033
Yahoo janCode=
Yahoo janCode=
Yahoo janCode=4967576452564
Yahoo janCode=4967576493758
Yahoo janCode=4967576186087
Yahoo janCode=4967576250252
Yahoo janCode=4967576550727
Yahoo janCode=
Yahoo janCode=4974305218773
Yahoo janCode=4967576394383
Yahoo janCode=4967576501255
Yahoo janCode=4967576419383
Yahoo janCode=4967576441513
Yahoo janCode=4992536441210
Yahoo janCode=
Yahoo janCode=4967576531597
amazon asin=B07Z4JY33S
amazon asin=B07TLD5W4K
amazon asin=B09N7JRRN3
amazon asin=B08NPSK2HD
amazon asin=B08YZ1SLQG
amazon asin=B08LKCM38C
amazon asin=B09HMBGHTW
amazon asin=B01LY8NPG5
amazon asin=B09N72ZMM8
amazon asin=B089M5MSP3
amazon asin=B07KKPYXFS
amazon asin=B09SSYFJBD
amazon asin=B07PWZDSNC
amazon asin=B07Z89WLP1
amazon asin=B06XRQNN9P
amazon asin=B092VYR5JY
Yahoo janCode=4967576450331
Yahoo janCode=4967576423861
Yahoo janCode=4967576555241
Yahoo janCode=4967576501033
Yahoo janCode=
Yahoo janCode=
Yahoo janCode=4967576452564
Yahoo janCode=4967576493758
Yahoo janCode=4967576186087
Yahoo janCode=4967576250252
Yahoo janCode=4967576550727
Yahoo janCode=
Yahoo janCode=4974305218773
Yahoo janCode=4967576394383
Yahoo janCode=4967576501255
Yahoo janCode=4967576419383
Yahoo janCode=4967576441513
Yahoo janCode=4992536441210
Yahoo janCode=
Yahoo janCode=4967576531597
amazon asin=B07Z4JY33S
amazon asin=B07TLD5W4K
amazon asin=B09N7JRRN3
amazon asin=B08NPSK2HD
amazon asin=B08YZ1SLQG
amazon asin=B08LKCM38C
amazon asin=B09HMBGHTW
amazon asin=B01LY8NPG5
amazon asin=B09N72ZMM8
amazon asin=B089M5MSP3
amazon asin=B07KKPYXFS
amazon asin=B09SSYFJBD
amazon asin=B07PWZDSNC
amazon asin=B07Z89WLP1
amazon asin=B06XRQNN9P
amazon asin=B092VYR5JY
Yahoo ベストエクセル janCode=4967576450331
Yahoo 総合通販PREMOA Yahoo!店 janCode=4571495431670
Yahoo 総合通販PREMOA Yahoo!店 janCode=4580652110983
Yahoo ベストエクセル janCode=4967576423861
Yahoo 総合通販PREMOA Yahoo!店 janCode=4580652110471
Yahoo 総合通販PREMOA Yahoo!店 janCode=4571495432028
Yahoo ベストエクセル janCode=4967576555241
Yahoo 総合通販PREMOA Yahoo!店 janCode=4571495432035
Yahoo ベストエクセル janCode=4967576501033
Yahoo 総合通販PREMOA Yahoo!店 janCode=4580652110969
Yahoo ベストエクセル janCode=
Yahoo 総合通販PREMOA Yahoo!店 janCode=4589449352674
Yahoo ベストエクセル janCode=
Yahoo 総合通販PREMOA Yahoo!店 janCode=4571495430703
Yahoo ベストエクセル janCode=4967576452564
Yahoo 総合通販PREMOA Yahoo!店 janCode=4974019172248
Yahoo ベストエクセル janCode=4967576493758
Yahoo 総合通販PREMOA Yahoo!店 janCode=4974019172149
Yahoo ベストエクセル janCode=4967576186087
Yahoo 総合通販PREMOA Yahoo!店 janCode=4571495431922
Yahoo 総合通販PREMOA Yahoo!店 janCode=4571495431953
Yahoo ベストエクセル janCode=4967576250252
Yahoo ベストエクセル janCode=4967576550727
Yahoo 総合通販PREMOA Yahoo!店 janCode=4974019175508
Yahoo ベストエクセル janCode=
Yahoo 総合通販PREMOA Yahoo!店 janCode=4571495431984
Yahoo ベストエクセル janCode=4974305218773
Yahoo 総合通販PREMOA Yahoo!店 janCode=4571495431991
Yahoo 総合通販PREMOA Yahoo!店 janCode=4549980486191
Yahoo ベストエクセル janCode=4967576394383
Yahoo 総合通販PREMOA Yahoo!店 janCode=4571495432011
Yahoo ベストエクセル janCode=4967576501255
Yahoo 総合通販PREMOA Yahoo!店 janCode=4580652111508
Yahoo ベストエクセル janCode=4967576419383
Yahoo 総合通販PREMOA Yahoo!店 janCode=4549980485774
Yahoo ベストエクセル janCode=4967576441513
Yahoo 総合通販PREMOA Yahoo!店 janCode=4580652110976
Yahoo ベストエクセル janCode=4992536441210
Yahoo ベストエクセル janCode=
amazon asin=B09BZKDGDY
Yahoo ベストエクセル janCode=4967576531597
amazon asin=B091P8YW1B
amazon asin=B08HCLN57P
amazon asin=B07Z4JY33S
amazon asin=B09V12XMZW
amazon asin=B07TLD5W4K
amazon asin=B09V11VWZQ
amazon asin=B09N7JRRN3
amazon asin=B08M8P29X8
amazon asin=B08NPSK2HD
amazon asin=B09NB8NXTB
amazon asin=B08YZ1SLQG
amazon asin=B07QW4SVGP
amazon asin=B08LKCM38C
amazon asin=B092VFMQHS
amazon asin=B092VFB924
amazon asin=B09HMBGHTW
amazon asin=B09P898YH2
amazon asin=B01LY8NPG5
amazon asin=B09V11H93Z
amazon asin=B09N72ZMM8
amazon asin=B092VDRL9D
amazon asin=B089M5MSP3
amazon asin=B07KKPYXFS
amazon asin=B09PY78HSY
amazon asin=B09P88GMLR
amazon asin=B09SSYFJBD
amazon asin=B0932NT5WQ
amazon asin=B07SCY5TLQ
amazon asin=B09TZZ8JYH
amazon asin=B07Z89WLP1
amazon asin=B09HBZJRK7
amazon asin=B06XRQNN9P
amazon asin=B091525TXT
amazon asin=B092VYR5JY
amazon asin=B091P8YW1B
Yahoo ベストエクセル janCode=4967576450331
Yahoo ベストエクセル janCode=4967576423861
Yahoo ベストエクセル janCode=4967576555241
Yahoo ベストエクセル janCode=4967576501033
Yahoo ベストエクセル janCode=
Yahoo ベストエクセル janCode=
Yahoo ベストエクセル janCode=4967576452564
Yahoo ベストエクセル janCode=4967576186087
Yahoo ベストエクセル janCode=4967576250252
Yahoo ベストエクセル janCode=4967576550727
Yahoo ベストエクセル janCode=4967576493758
Yahoo ベストエクセル janCode=
Yahoo ベストエクセル janCode=4967576419383
Yahoo ベストエクセル janCode=4967576501255
Yahoo ベストエクセル janCode=4967576441513
Yahoo ベストエクセル janCode=4967576394383
Yahoo ベストエクセル janCode=4967576531597
Yahoo ベストエクセル janCode=4974305218773
Yahoo ベストエクセル janCode=
Yahoo ベストエクセル janCode=4992536441210
Yahoo ベストエクセル janCode=4967576450331
Yahoo ベストエクセル janCode=4967576423861
Yahoo ベストエクセル janCode=4967576555241
Yahoo ベストエクセル janCode=4967576501033
Yahoo ベストエクセル janCode=
Yahoo ベストエクセル janCode=
Yahoo ベストエクセル janCode=4967576452564
Yahoo ベストエクセル janCode=4967576186087
Yahoo ベストエクセル janCode=4967576250252
Yahoo ベストエクセル janCode=4967576550727
Yahoo ベストエクセル janCode=4967576493758
Yahoo ベストエクセル janCode=
Yahoo ベストエクセル janCode=4967576419383
Yahoo ベストエクセル janCode=4967576501255
Yahoo ベストエクセル janCode=4967576441513
Yahoo ベストエクセル janCode=4967576394383
Yahoo ベストエクセル janCode=4967576531597
Yahoo ベストエクセル janCode=4974305218773
Yahoo ベストエクセル janCode=
Yahoo ベストエクセル janCode=4992536441210
amazon asin=B07Z4JY33S
amazon asin=B07TLD5W4K
amazon asin=B09N7JRRN3
amazon asin=B08NPSK2HD
amazon asin=B08YZ1SLQG
amazon asin=B09HMBGHTW
amazon asin=B01LY8NPG5
amazon asin=B09N72ZMM8
amazon asin=B08LKCM38C
amazon asin=B07SBSYVDD
amazon asin=B09SSYFJBD
amazon asin=B07Z89WLP1
amazon asin=B07KKPYXFS
amazon asin=B092VYR5JY
amazon asin=B089M5MSP3
amazon asin=B06XRQNN9P
Yahoo ベストエクセル janCode=4967576450331
Yahoo ベストエクセル janCode=4967576423861
Yahoo ベストエクセル janCode=4967576555241
Yahoo ベストエクセル janCode=4967576501033
Yahoo ベストエクセル janCode=
Yahoo ベストエクセル janCode=
Yahoo ベストエクセル janCode=4967576452564
Yahoo ベストエクセル janCode=4967576186087
Yahoo ベストエクセル janCode=4967576250252
Yahoo ベストエクセル janCode=4967576550727
Yahoo ベストエクセル janCode=4967576493758
Yahoo ベストエクセル janCode=
Yahoo ベストエクセル janCode=4967576419383
Yahoo ベストエクセル janCode=4967576501255
Yahoo ベストエクセル janCode=4967576441513
Yahoo ベストエクセル janCode=4967576394383
Yahoo ベストエクセル janCode=4967576531597
Yahoo ベストエクセル janCode=4974305218773
Yahoo ベストエクセル janCode=
Yahoo ベストエクセル janCode=4992536441210
amazon asin=B07Z4JY33S
amazon asin=B07TLD5W4K
amazon asin=B09N7JRRN3
amazon asin=B08NPSK2HD
amazon asin=B08YZ1SLQG
amazon asin=B09HMBGHTW
amazon asin=B01LY8NPG5
amazon asin=B09N72ZMM8
amazon asin=B08LKCM38C
amazon asin=B07PWZDSNC
amazon asin=B09SSYFJBD
amazon asin=B07Z89WLP1
amazon asin=B07KKPYXFS
amazon asin=B092VYR5JY
amazon asin=B089M5MSP3
amazon asin=B06XRQNN9P
Yahoo ベストエクセル janCode=4967576496582
Yahoo ベストエクセル janCode=4967576555241
Yahoo ベストエクセル janCode=4955014041418
Yahoo ベストエクセル janCode=
Yahoo ベストエクセル janCode=4967576531597
Yahoo ベストエクセル janCode=4967576531597
Yahoo ベストエクセル janCode=4967576452564
Yahoo ベストエクセル janCode=4974305218773
Yahoo ベストエクセル janCode=4992536441210
Yahoo ベストエクセル janCode=
Yahoo ベストエクセル janCode=4967576423861
Yahoo ベストエクセル janCode=4967576250252
Yahoo ベストエクセル janCode=
Yahoo ベストエクセル janCode=4967576550727
Yahoo ベストエクセル janCode=
Yahoo ベストエクセル janCode=4967576501033
Yahoo ベストエクセル janCode=4967576501255
Yahoo ベストエクセル janCode=4967576521215
Yahoo ベストエクセル janCode=4967576493758
Yahoo ベストエクセル janCode=4967576394383
amazon asin=B0928HQ3W6
amazon asin=B09N7JRRN3
amazon asin=B092VYR5JY
amazon asin=B092VYR5JY
amazon asin=B08YZ1SLQG
amazon asin=B089M5MSP3
amazon asin=B06XRQNN9P
amazon asin=B07TLD5W4K
amazon asin=B01LY8NPG5
amazon asin=B09N72ZMM8
amazon asin=B08NPSK2HD
amazon asin=B09SSYFJBD
amazon asin=B09TWSHWRY
amazon asin=B08LKCM38C
amazon asin=B07KKPYXFS
Yahoo 総合通販PREMOA Yahoo!店 janCode=4580652110471
Yahoo 総合通販PREMOA Yahoo!店 janCode=4580652110983
Yahoo 総合通販PREMOA Yahoo!店 janCode=4571495431670
Yahoo 総合通販PREMOA Yahoo!店 janCode=4580652110976
Yahoo 総合通販PREMOA Yahoo!店 janCode=4571495432028
Yahoo 総合通販PREMOA Yahoo!店 janCode=4580652110969
Yahoo 総合通販PREMOA Yahoo!店 janCode=4571495431991
Yahoo 総合通販PREMOA Yahoo!店 janCode=4571495432035
Yahoo 総合通販PREMOA Yahoo!店 janCode=4974019172248
Yahoo 総合通販PREMOA Yahoo!店 janCode=4549980485712
Yahoo 総合通販PREMOA Yahoo!店 janCode=4589449352674
Yahoo 総合通販PREMOA Yahoo!店 janCode=4580652110488
Yahoo 総合通販PREMOA Yahoo!店 janCode=4580652111560
Yahoo 総合通販PREMOA Yahoo!店 janCode=4571495431984
Yahoo 総合通販PREMOA Yahoo!店 janCode=4974019172262
Yahoo 総合通販PREMOA Yahoo!店 janCode=4580341985748
Yahoo 総合通販PREMOA Yahoo!店 janCode=4571495431939
Yahoo 総合通販PREMOA Yahoo!店 janCode=4580652111508
Yahoo 総合通販PREMOA Yahoo!店 janCode=4571495432011
Yahoo 総合通販PREMOA Yahoo!店 janCode=4571495431953
amazon asin=B08HCLN57P
amazon asin=B091P8YW1B
amazon asin=B09BZKDGDY
amazon asin=B08MDVBJRD
amazon asin=B09V12XMZW
amazon asin=B08M8P29X8
amazon asin=B09P88GMLR
amazon asin=B09V11VWZQ
amazon asin=B092VFMQHS
amazon asin=B0932M5LWF
amazon asin=B09NB8NXTB
amazon asin=B08J7TMY1Z
amazon asin=B09936JMHJ
amazon asin=B09PY78HSY
amazon asin=B092VF21ZM
amazon asin=B0B3TDGGZP
amazon asin=B09TZXX8W4
amazon asin=B09HBZJRK7
amazon asin=B09TZZ8JYH
amazon asin=B09V11H93Z
Yahoo ベストエクセル janCode=4967576496582
Yahoo ベストエクセル janCode=4967576555241
Yahoo ベストエクセル janCode=4955014041418
Yahoo ベストエクセル janCode=
Yahoo ベストエクセル janCode=4967576531597
Yahoo ベストエクセル janCode=4967576531597
Yahoo ベストエクセル janCode=4967576452564
Yahoo ベストエクセル janCode=4974305218773
Yahoo ベストエクセル janCode=4992536441210
Yahoo ベストエクセル janCode=
Yahoo ベストエクセル janCode=4967576423861
Yahoo ベストエクセル janCode=4967576250252
Yahoo ベストエクセル janCode=
Yahoo ベストエクセル janCode=4967576550727
Yahoo ベストエクセル janCode=
Yahoo ベストエクセル janCode=4967576501033
Yahoo ベストエクセル janCode=4967576501255
Yahoo ベストエクセル janCode=4967576521215
Yahoo ベストエクセル janCode=4967576493758
Yahoo ベストエクセル janCode=4967576394383
amazon asin=B0928HQ3W6
amazon asin=B09N7JRRN3
amazon asin=B092VYR5JY
amazon asin=B092VYR5JY
amazon asin=B08YZ1SLQG
amazon asin=B089M5MSP3
amazon asin=B06XRQNN9P
amazon asin=B07TLD5W4K
amazon asin=B01LY8NPG5
amazon asin=B09N72ZMM8
amazon asin=B08NPSK2HD
amazon asin=B09SSYFJBD
amazon asin=B09TWSHWRY
amazon asin=B08LKCM38C
amazon asin=B07KKPYXFS
Yahoo ベストエクセル janCode=4967576496582
Yahoo ベストエクセル janCode=4967576555241
Yahoo ベストエクセル janCode=4955014041418
Yahoo ベストエクセル janCode=
Yahoo ベストエクセル janCode=4967576531597
Yahoo ベストエクセル janCode=4967576531597
Yahoo ベストエクセル janCode=4967576452564
Yahoo ベストエクセル janCode=4974305218773
Yahoo ベストエクセル janCode=4992536441210
Yahoo ベストエクセル janCode=
Yahoo ベストエクセル janCode=4967576423861
Yahoo ベストエクセル janCode=4967576250252
Yahoo ベストエクセル janCode=
Yahoo ベストエクセル janCode=4967576550727
Yahoo ベストエクセル janCode=
Yahoo ベストエクセル janCode=4967576501033
Yahoo ベストエクセル janCode=4967576501255
Yahoo ベストエクセル janCode=4967576521215
Yahoo ベストエクセル janCode=4967576493758
Yahoo ベストエクセル janCode=4967576394383
amazon asin=B0928HQ3W6
amazon asin=B09N7JRRN3
amazon asin=B092VYR5JY
amazon asin=B092VYR5JY
amazon asin=B08YZ1SLQG
amazon asin=B089M5MSP3
amazon asin=B06XRQNN9P
amazon asin=B07TLD5W4K
amazon asin=B01LY8NPG5
amazon asin=B09N72ZMM8
amazon asin=B08NPSK2HD
amazon asin=B09SSYFJBD
amazon asin=B09TWS6PRM
amazon asin=B08LKCM38C
amazon asin=B07KKPYXFS
